#
# There is insufficient memory for the Java Runtime Environment to continue.
# Native memory allocation (mmap) failed to map 132120576 bytes. Error detail: G1 virtual space
# Possible reasons:
#   The system is out of physical RAM or swap space
#   This process is running with CompressedOops enabled, and the Java Heap may be blocking the growth of the native heap
# Possible solutions:
#   Reduce memory load on the system
#   Increase physical memory or swap space
#   Check if swap backing store is full
#   Decrease Java heap size (-Xmx/-Xms)
#   Decrease number of Java threads
#   Decrease Java thread stack sizes (-Xss)
#   Set larger code cache with -XX:ReservedCodeCacheSize=
#   JVM is running with Unscaled Compressed Oops mode in which the Java heap is
#     placed in the first 4GB address space. The Java Heap base address is the
#     maximum limit for the native heap growth. Please use -XX:HeapBaseMinAddress
#     to set the Java Heap base and to place the Java Heap above 4GB virtual address.
# This output file may be truncated or incomplete.
#
#  Out of Memory Error (os_windows.cpp:3618), pid=15556, tid=7304
#
# JRE version:  (17.0.18+8) (build )
# Java VM: OpenJDK 64-Bit Server VM (17.0.18+8, mixed mode, sharing, tiered, compressed oops, compressed class ptrs, g1 gc, windows-amd64)
# No core dump will be written. Minidumps are not enabled by default on client versions of Windows
#

---------------  S U M M A R Y ------------

Command Line: org.jetbrains.kotlin.cli.jvm.K2JVMCompiler @D:\rpn\node_modules\react-native-gesture-handler\android\build\20260330_16937358198048421848.compiler.options

Host: Intel(R) Core(TM) i7-10510U CPU @ 1.80GHz, 8 cores, 7G,  Windows 10 , 64 bit Build 19041 (10.0.19041.5915)
Time: Mon Mar 30 14:59:12 2026 RTZ 2 (s 10 , 64 bit Build 19041 (10.0.19041.5915) elapsed time: 0.051159 seconds (0d 0h 0m 0s)

---------------  T H R E A D  ---------------

Current thread (0x000001f2a72a1730):  JavaThread "Unknown thread" [_thread_in_vm, id=7304, stack(0x000000e6ea300000,0x000000e6ea400000)]

Stack: [0x000000e6ea300000,0x000000e6ea400000]
Native frames: (J=compiled Java code, j=interpreted, Vv=VM code, C=native code)
V  [jvm.dll+0x6846f9]
V  [jvm.dll+0x839ea5]
V  [jvm.dll+0x83b91e]
V  [jvm.dll+0x83bfa3]
V  [jvm.dll+0x248eff]
V  [jvm.dll+0x6814b9]
V  [jvm.dll+0x6762ba]
V  [jvm.dll+0x309257]
V  [jvm.dll+0x310826]
V  [jvm.dll+0x360d9e]
V  [jvm.dll+0x360fdd]
V  [jvm.dll+0x2e02dc]
V  [jvm.dll+0x2e11e8]
V  [jvm.dll+0x80cd6b]
V  [jvm.dll+0x36ea21]
V  [jvm.dll+0x7eb945]
V  [jvm.dll+0x3f462b]
V  [jvm.dll+0x3f6111]
C  [jli.dll+0x52d0]
C  [ucrtbase.dll+0x21bb2]
C  [KERNEL32.DLL+0x17374]
C  [ntdll.dll+0x4cc91]


---------------  P R O C E S S  ---------------

Threads class SMR info:
_java_thread_list=0x00007ffb4fd67f58, length=0, elements={
}

Java Threads: ( => current thread )

Other Threads:
  0x000001f2a72fb620 GCTaskThread "GC Thread#0" [stack: 0x000000e6ea400000,0x000000e6ea500000] [id=15580]
  0x000001f2a730c070 ConcurrentGCThread "G1 Main Marker" [stack: 0x000000e6ea500000,0x000000e6ea600000] [id=16336]
  0x000001f2a730ca90 ConcurrentGCThread "G1 Conc#0" [stack: 0x000000e6ea600000,0x000000e6ea700000] [id=11948]

[error occurred during error reporting (printing all threads), id 0xc0000005, EXCEPTION_ACCESS_VIOLATION (0xc0000005) at pc=0x00007ffb4f520e07]

VM state: not at safepoint (not fully initialized)

VM Mutex/Monitor currently owned by a thread:  ([mutex/lock_event])
[0x000001f2a729c0a0] Heap_lock - owner thread: 0x000001f2a72a1730

Heap address: 0x0000000082800000, size: 2008 MB, Compressed Oops mode: 32-bit

CDS archive(s) mapped at: [0x0000000000000000-0x0000000000000000-0x0000000000000000), size 0, SharedBaseAddress: 0x0000000800000000, ArchiveRelocationMode: 1.
Narrow klass base: 0x0000000000000000, Narrow klass shift: 0, Narrow klass range: 0x0

GC Precious Log:
<Empty>

Heap:
 garbage-first heap   total 0K, used 0K [0x0000000082800000, 0x0000000100000000)
  region size 1024K, 0 young (0K), 0 survivors (0K)

[error occurred during error reporting (printing heap information), id 0xc0000005, EXCEPTION_ACCESS_VIOLATION (0xc0000005) at pc=0x00007ffb4f90dd09]

GC Heap History (0 events):
No events

Dll operation events (1 events):
Event: 0.024 Loaded shared library D:\Programs\Eclipse Adoptium\jdk-17.0.10\bin\java.dll

Deoptimization events (0 events):
No events

Classes loaded (0 events):
No events

Classes unloaded (0 events):
No events

Classes redefined (0 events):
No events

Internal exceptions (0 events):
No events

VM Operations (0 events):
No events

Memory protections (0 events):
No events

Nmethod flushes (0 events):
No events

Events (0 events):
No events


Dynamic libraries:
0x00007ff6839a0000 - 0x00007ff6839ae000 	D:\Programs\Eclipse Adoptium\jdk-17.0.10\bin\java.exe
0x00007ffb94b10000 - 0x00007ffb94d08000 	C:\WINDOWS\SYSTEM32\ntdll.dll
0x00007ffb93320000 - 0x00007ffb933e2000 	C:\WINDOWS\System32\KERNEL32.DLL
0x00007ffb92270000 - 0x00007ffb92566000 	C:\WINDOWS\System32\KERNELBASE.dll
0x00007ffb925c0000 - 0x00007ffb926c0000 	C:\WINDOWS\System32\ucrtbase.dll
0x00007ffb8a240000 - 0x00007ffb8a258000 	D:\Programs\Eclipse Adoptium\jdk-17.0.10\bin\jli.dll
0x00007ffb93e40000 - 0x00007ffb93fe1000 	C:\WINDOWS\System32\USER32.dll
0x00007ffb92910000 - 0x00007ffb92932000 	C:\WINDOWS\System32\win32u.dll
0x00007ffb93280000 - 0x00007ffb932ab000 	C:\WINDOWS\System32\GDI32.dll
0x00007ffb926c0000 - 0x00007ffb927d9000 	C:\WINDOWS\System32\gdi32full.dll
0x00007ffb921a0000 - 0x00007ffb9223d000 	C:\WINDOWS\System32\msvcp_win.dll
0x00007ffb88cd0000 - 0x00007ffb88cee000 	D:\Programs\Eclipse Adoptium\jdk-17.0.10\bin\VCRUNTIME140.dll
0x00007ffb79430000 - 0x00007ffb796cb000 	C:\WINDOWS\WinSxS\amd64_microsoft.windows.common-controls_6595b64144ccf1df_6.0.19041.6456_none_60b8a6cb71f64256\COMCTL32.dll
0x00007ffb93100000 - 0x00007ffb9319e000 	C:\WINDOWS\System32\msvcrt.dll
0x00007ffb93510000 - 0x00007ffb9353f000 	C:\WINDOWS\System32\IMM32.DLL
0x00007ffb8a6e0000 - 0x00007ffb8a6ec000 	D:\Programs\Eclipse Adoptium\jdk-17.0.10\bin\vcruntime140_1.dll
0x00007ffb6e000000 - 0x00007ffb6e08d000 	D:\Programs\Eclipse Adoptium\jdk-17.0.10\bin\msvcp140.dll
0x00007ffb4f230000 - 0x00007ffb4fe9b000 	D:\Programs\Eclipse Adoptium\jdk-17.0.10\bin\server\jvm.dll
0x00007ffb92b30000 - 0x00007ffb92be1000 	C:\WINDOWS\System32\ADVAPI32.dll
0x00007ffb93000000 - 0x00007ffb9309f000 	C:\WINDOWS\System32\sechost.dll
0x00007ffb933f0000 - 0x00007ffb93510000 	C:\WINDOWS\System32\RPCRT4.dll
0x00007ffb92240000 - 0x00007ffb92267000 	C:\WINDOWS\System32\bcrypt.dll
0x00007ffb932b0000 - 0x00007ffb9331b000 	C:\WINDOWS\System32\WS2_32.dll
0x00007ffb916f0000 - 0x00007ffb9173b000 	C:\WINDOWS\SYSTEM32\POWRPROF.dll
0x00007ffb78c40000 - 0x00007ffb78c67000 	C:\WINDOWS\SYSTEM32\WINMM.dll
0x00007ffb8d430000 - 0x00007ffb8d43a000 	C:\WINDOWS\SYSTEM32\VERSION.dll
0x00007ffb91560000 - 0x00007ffb91572000 	C:\WINDOWS\SYSTEM32\UMPDC.dll
0x00007ffb90960000 - 0x00007ffb90972000 	C:\WINDOWS\SYSTEM32\kernel.appcore.dll
0x00007ffb88ea0000 - 0x00007ffb88eaa000 	D:\Programs\Eclipse Adoptium\jdk-17.0.10\bin\jimage.dll
0x00007ffb8fd40000 - 0x00007ffb8ff41000 	C:\WINDOWS\SYSTEM32\DBGHELP.DLL
0x00007ffb88eb0000 - 0x00007ffb88ee4000 	C:\WINDOWS\SYSTEM32\dbgcore.DLL
0x00007ffb92aa0000 - 0x00007ffb92b22000 	C:\WINDOWS\System32\bcryptPrimitives.dll
0x00007ffb86990000 - 0x00007ffb869b5000 	D:\Programs\Eclipse Adoptium\jdk-17.0.10\bin\java.dll

dbghelp: loaded successfully - version: 4.0.5 - missing functions: none
symbol engine: initialized successfully - sym options: 0x614 - pdb path: .;D:\Programs\Eclipse Adoptium\jdk-17.0.10\bin;C:\WINDOWS\SYSTEM32;C:\WINDOWS\WinSxS\amd64_microsoft.windows.common-controls_6595b64144ccf1df_6.0.19041.6456_none_60b8a6cb71f64256;D:\Programs\Eclipse Adoptium\jdk-17.0.10\bin\server

VM Arguments:
java_command: org.jetbrains.kotlin.cli.jvm.K2JVMCompiler @D:\rpn\node_modules\react-native-gesture-handler\android\build\20260330_16937358198048421848.compiler.options
java_class_path (initial): C:\Users\HP\.gradle\caches\modules-2\files-2.1\org.jetbrains.kotlin\kotlin-compiler-embeddable\1.9.24\78dab849090e6c5e2eadb6e59a11cdc28fb67a08\kotlin-compiler-embeddable-1.9.24.jar;C:\Users\HP\.gradle\caches\modules-2\files-2.1\org.jetbrains.kotlin\kotlin-stdlib\1.9.24\9928532f12c66ad816a625b3f9984f8368ca6d2b\kotlin-stdlib-1.9.24.jar;C:\Users\HP\.gradle\caches\modules-2\files-2.1\org.jetbrains.kotlin\kotlin-script-runtime\1.9.24\96771497da90fbc5af1c90fce148db2595a62502\kotlin-script-runtime-1.9.24.jar;C:\Users\HP\.gradle\caches\modules-2\files-2.1\org.jetbrains.kotlin\kotlin-reflect\1.6.10\1cbe9c92c12a94eea200d23c2bbaedaf3daf5132\kotlin-reflect-1.6.10.jar;C:\Users\HP\.gradle\caches\modules-2\files-2.1\org.jetbrains.kotlin\kotlin-daemon-embeddable\1.9.24\86685b9c5e8d170925bd9ddbdc263374a6a73281\kotlin-daemon-embeddable-1.9.24.jar;C:\Users\HP\.gradle\caches\modules-2\files-2.1\org.jetbrains.intellij.deps\trove4j\1.0.20200330\3afb14d5f9ceb459d724e907a21145e8ff394f02\trove4j-1.0.20200330.jar;C:\Users\HP\.gradle\caches\modules-2\files-2.1\org.jetbrains\annotations\13.0\919f0dfe192fb4e063e7dacadee7f8bb9a2672a9\annotations-13.0.jar
Launcher Type: SUN_STANDARD

[Global flags]
     intx CICompilerCount                          = 4                                         {product} {ergonomic}
     uint ConcGCThreads                            = 2                                         {product} {ergonomic}
     uint G1ConcRefinementThreads                  = 8                                         {product} {ergonomic}
   size_t G1HeapRegionSize                         = 1048576                                   {product} {ergonomic}
    uintx GCDrainStackTargetSize                   = 64                                        {product} {ergonomic}
   size_t InitialHeapSize                          = 132120576                                 {product} {ergonomic}
   size_t MarkStackSize                            = 4194304                                   {product} {ergonomic}
   size_t MaxHeapSize                              = 2105540608                                {product} {ergonomic}
   size_t MinHeapDeltaBytes                        = 1048576                                   {product} {ergonomic}
   size_t MinHeapSize                              = 8388608                                   {product} {ergonomic}
    uintx NonNMethodCodeHeapSize                   = 5839372                                {pd product} {ergonomic}
    uintx NonProfiledCodeHeapSize                  = 122909434                              {pd product} {ergonomic}
    uintx ProfiledCodeHeapSize                     = 122909434                              {pd product} {ergonomic}
    uintx ReservedCodeCacheSize                    = 251658240                              {pd product} {ergonomic}
     bool SegmentedCodeCache                       = true                                      {product} {ergonomic}
   size_t SoftMaxHeapSize                          = 2105540608                             {manageable} {ergonomic}
     bool UseCompressedClassPointers               = true                           {product lp64_product} {ergonomic}
     bool UseCompressedOops                        = true                           {product lp64_product} {ergonomic}
     bool UseG1GC                                  = true                                      {product} {ergonomic}
     bool UseLargePagesIndividualAllocation        = false                                  {pd product} {ergonomic}

Logging:
Log output configuration:
 #0: stdout all=warning uptime,level,tags
 #1: stderr all=off uptime,level,tags

Environment Variables:
JAVA_HOME=D:\Programs\Eclipse Adoptium\jdk-17.0.10
CLASSPATH=D:\rpn\android\\gradle\wrapper\gradle-wrapper.jar
PATH=D:\rpn\node_modules\.bin;D:\rpn\node_modules\.bin;D:\node_modules\.bin;C:\Users\HP\AppData\Roaming\npm\node_modules\npm\node_modules\@npmcli\run-script\lib\node-gyp-bin;D:\Programs\Eclipse Adoptium\jdk\bin;C:\Program Files\ImageMagick-7.1.2-Q16-HDRI;C:\Python310\Scripts\;C:\Python310\;C:\WINDOWS\system32;C:\WINDOWS;C:\WINDOWS\System32\Wbem;C:\WINDOWS\System32\WindowsPowerShell\v1.0\;C:\WINDOWS\System32\OpenSSH\;C:\Program Files\Git\cmd;C:\ProgramData\chocolatey\bin;C:\Program Files\nodejs\;C:\Program Files\WireGuard\;C:\Program Files\Docker\Docker\resources\bin;C:\Users\HP\AppData\Local\Programs\Python\Python311\;C:\Users\HP\AppData\Local\Programs\Python\Python311\Scripts\;D:\Programs\Eclipse Adoptium\jdk-17.0.10\bin;D:\Programs\Eclipse Adoptium\jdk\bin;C:\Program Files\ImageMagick-7.1.2-Q16-HDRI;C:\Python310\Scripts\;C:\Python310\;C:\WINDOWS\system32;C:\WINDOWS;C:\WINDOWS\System32\Wbem;C:\WINDOWS\System32\WindowsPowerShell\v1.0\;C:\WINDOWS\System32\OpenSSH\;C:\Program Files\Git\cmd;C:\ProgramData\chocolatey\bin;C:\Program Files\nodejs\;C:\Program Files\WireGuard\;C:\Program Files\Docker\Docker\resources\bin;C:\Users\HP\AppData\Local\Programs\Python\Python311\;C:\Users\HP\AppData\Local\Programs\Python\Python311\Scripts\;D:\Programs\Eclipse Adoptium\jdk-17.0.10\bin;C:\Users\HP\AppData\Local\Programs\Python\Python311\Scripts\;C:\Users\HP\AppData\Local\Programs\Python\Python311\;C:\Users\HP\AppData\Local\Microsoft\WindowsApps;C:\Users\HP\AppData\Local\Programs\Microsoft VS Code\bin;C:\Users\HP\AppData\Roaming\npm;C:\Users\HP\AppData\Local\Microsoft\WinGet\Packages\Google.Libwebp_Microsoft.Winget.Source_8wekyb3d8bbwe\libwebp-1.6.0-windows-x64/bin;C:\Users\HP\AppData\Local\Programs\cursor\resources\app\bin;C:\Users\HP\AppData\;C:\Users\HP\AppData\Local\Android\Sdk\platform-tools;C:\Users\HP\AppData\Local\Android\Sdk\cmdline-tools\latest\bin;C:\Users\HP\AppData\Local\Android\Sdk\platform-tools;C:\Users\HP\AppData\Local\Android\Sdk\emulator;C:\Users\HP\AppData\Local\Android\Sdk\cmdline-tools\latest\bin;
USERNAME=HP
LANG=en_US.UTF-8
OS=Windows_NT
PROCESSOR_IDENTIFIER=Intel64 Family 6 Model 142 Stepping 12, GenuineIntel
TMP=C:\Users\HP\AppData\Local\Temp
TEMP=C:\Users\HP\AppData\Local\Temp



Periodic native trim disabled


---------------  S Y S T E M  ---------------

OS:
 Windows 10 , 64 bit Build 19041 (10.0.19041.5915)
OS uptime: 2 days 3:56 hours
Hyper-V role detected

CPU: total 8 (initial active 8) (4 cores per cpu, 2 threads per core) family 6 model 142 stepping 12 microcode 0x100, cx8, cmov, fxsr, ht, mmx, 3dnowpref, sse, sse2, sse3, ssse3, sse4.1, sse4.2, popcnt, lzcnt, tsc, tscinvbit, avx, avx2, aes, erms, clmul, bmi1, bmi2, adx, fma, vzeroupper, clflush, clflushopt, hv
Processor Information for all 8 processors :
  Max Mhz: 2304, Current Mhz: 1803, Mhz Limit: 1797

Memory: 4k page, system-wide physical 8029M (245M free)
TotalPageFile size 24005M (AvailPageFile size 96M)
current process WorkingSet (physical memory assigned to process): 10M, peak: 10M
current process commit charge ("private bytes"): 60M, peak: 186M

vm_info: OpenJDK 64-Bit Server VM (17.0.18+8) for windows-amd64 JRE (17.0.18+8), built on Jan 20 2026 22:28:22 by "admin" with MS VC++ 17.12 (VS2022)

END.
