#
# There is insufficient memory for the Java Runtime Environment to continue.
# Native memory allocation (mmap) failed to map 759169024 bytes. Error detail: G1 virtual space
# Possible reasons:
#   The system is out of physical RAM or swap space
#   This process is running with CompressedOops enabled, and the Java Heap may be blocking the growth of the native heap
# Possible solutions:
#   Reduce memory load on the system
#   Increase physical memory or swap space
#   Check if swap backing store is full
#   Decrease Java heap size (-Xmx/-Xms)
#   Decrease number of Java threads
#   Decrease Java thread stack sizes (-Xss)
#   Set larger code cache with -XX:ReservedCodeCacheSize=
#   JVM is running with Zero Based Compressed Oops mode in which the Java heap is
#     placed in the first 32GB address space. The Java Heap base address is the
#     maximum limit for the native heap growth. Please use -XX:HeapBaseMinAddress
#     to set the Java Heap base and to place the Java Heap above 32GB virtual address.
# This output file may be truncated or incomplete.
#
#  Out of Memory Error (os_windows.cpp:3618), pid=14756, tid=13044
#
# JRE version: OpenJDK Runtime Environment Temurin-17.0.18+8 (17.0.18+8) (build 17.0.18+8)
# Java VM: OpenJDK 64-Bit Server VM Temurin-17.0.18+8 (17.0.18+8, mixed mode, sharing, tiered, compressed oops, compressed class ptrs, g1 gc, windows-amd64)
# No core dump will be written. Minidumps are not enabled by default on client versions of Windows
#

---------------  S U M M A R Y ------------

Command Line: -XX:MaxMetaspaceSize=512m --add-opens=java.base/java.util=ALL-UNNAMED --add-opens=java.base/java.lang=ALL-UNNAMED --add-opens=java.base/java.lang.invoke=ALL-UNNAMED --add-opens=java.prefs/java.util.prefs=ALL-UNNAMED --add-exports=jdk.compiler/com.sun.tools.javac.api=ALL-UNNAMED --add-exports=jdk.compiler/com.sun.tools.javac.util=ALL-UNNAMED --add-opens=java.base/java.nio.charset=ALL-UNNAMED --add-opens=java.base/java.net=ALL-UNNAMED --add-opens=java.base/java.util.concurrent.atomic=ALL-UNNAMED -Xmx4608m -Dfile.encoding=windows-1251 -Duser.country=RU -Duser.language=ru -Duser.variant -javaagent:C:\Users\HP\.gradle\wrapper\dists\gradle-8.10.2-all\7iv73wktx1xtkvlq19urqw1wm\gradle-8.10.2\lib\agents\gradle-instrumentation-agent-8.10.2.jar org.gradle.launcher.daemon.bootstrap.GradleDaemon 8.10.2

Host: Intel(R) Core(TM) i7-10510U CPU @ 1.80GHz, 8 cores, 7G,  Windows 10 , 64 bit Build 19041 (10.0.19041.5915)
Time: Mon Mar 30 14:50:42 2026 RTZ 2 (s 10 , 64 bit Build 19041 (10.0.19041.5915) elapsed time: 5283.667709 seconds (0d 1h 28m 3s)

---------------  T H R E A D  ---------------

Current thread (0x000001ebbd56d7a0):  VMThread "VM Thread" [stack: 0x0000003813e00000,0x0000003813f00000] [id=13044]

Stack: [0x0000003813e00000,0x0000003813f00000]
Native frames: (J=compiled Java code, j=interpreted, Vv=VM code, C=native code)
V  [jvm.dll+0x6846f9]
V  [jvm.dll+0x839ea5]
V  [jvm.dll+0x83b91e]
V  [jvm.dll+0x83bfa3]
V  [jvm.dll+0x248eff]
V  [jvm.dll+0x6814b9]
V  [jvm.dll+0x6762ba]
V  [jvm.dll+0x309257]
V  [jvm.dll+0x310826]
V  [jvm.dll+0x360d9e]
V  [jvm.dll+0x360fdd]
V  [jvm.dll+0x2e02dc]
V  [jvm.dll+0x2de6b2]
V  [jvm.dll+0x2dde4c]
V  [jvm.dll+0x320aeb]
V  [jvm.dll+0x8407bd]
V  [jvm.dll+0x8414f3]
V  [jvm.dll+0x841a1f]
V  [jvm.dll+0x841e05]
V  [jvm.dll+0x841ece]
V  [jvm.dll+0x7eaaec]
V  [jvm.dll+0x6835c7]
C  [ucrtbase.dll+0x21bb2]
C  [KERNEL32.DLL+0x17374]
C  [ntdll.dll+0x4cc91]

VM_Operation (0x00000038155f8910): G1CollectForAllocation, mode: safepoint, requested by thread 0x000001ebebcdfc90


---------------  P R O C E S S  ---------------

Threads class SMR info:
_java_thread_list=0x000001ebdfc15ac0, length=100, elements={
0x000001eb97261b80, 0x000001ebbd574160, 0x000001ebbd574ef0, 0x000001ebbd58c690,
0x000001ebbd58ef70, 0x000001ebbd58f840, 0x000001ebbd590110, 0x000001ebbd5962d0,
0x000001ebbd5a4020, 0x000001ebbd5b0d60, 0x000001ebbd7c0f50, 0x000001ebbd94af20,
0x000001ebde1387a0, 0x000001ebbdaa8ab0, 0x000001ebbda291a0, 0x000001ebbd5de710,
0x000001ebbd5dcdc0, 0x000001ebbd5dd7e0, 0x000001ebbd5df130, 0x000001ebdda047f0,
0x000001ebdda06140, 0x000001ebdda04d00, 0x000001ebdf77a8e0, 0x000001ebe1f1e070,
0x000001ebe1f1ea90, 0x000001ebdda95570, 0x000001ebdda92cf0, 0x000001ebdda98300,
0x000001ebdda973d0, 0x000001ebdda93c20, 0x000001ebebcded60, 0x000001ebebcdde30,
0x000001ebebcde340, 0x000001ebebcdfc90, 0x000001ebebcd9240, 0x000001ebebcdf780,
0x000001ebebce01a0, 0x000001ebebce06b0, 0x000001ebebcda680, 0x000001ebebcdbfd0,
0x000001ebebcdc4e0, 0x000001ebebce0bc0, 0x000001ebebcdc9f0, 0x000001ebebcdcf00,
0x000001ebebcdf270, 0x000001ebebcd9750, 0x000001ebebcd9c60, 0x000001ebebcdab90,
0x000001ebebcdb0a0, 0x000001ebea946780, 0x000001ebea9439f0, 0x000001ebea946270,
0x000001ebea941680, 0x000001ebea943f00, 0x000001ebea942ac0, 0x000001ebea942fd0,
0x000001ebea946c90, 0x000001ebea9476b0, 0x000001ebea944e30, 0x000001ebea9471a0,
0x000001ebea947bc0, 0x000001ebea9434e0, 0x000001ebea9480d0, 0x000001ebea940c60,
0x000001ebea944410, 0x000001ebea9420a0, 0x000001ebea9425b0, 0x000001ebea944920,
0x000001ebea945340, 0x000001ebea9485e0, 0x000001ebea941170, 0x000001ebdf77c230,
0x000001ebdf77e090, 0x000001ebdf77eab0, 0x000001ebdf778f90, 0x000001ebdf77c740,
0x000001ebdf778a80, 0x000001ebdf77efc0, 0x000001ebdf7794a0, 0x000001ebdf77b300,
0x000001ebdf77cc50, 0x000001ebdf77db80, 0x000001ebdf77adf0, 0x000001ebdf77d670,
0x000001ebdf7799b0, 0x000001ebdf779ec0, 0x000001ebdf77bd20, 0x000001ebdf77d160,
0x000001ebdf77f4d0, 0x000001ebdf77a3d0, 0x000001ebdf778060, 0x000001ebdf77b810,
0x000001ebdf77f9e0, 0x000001ebe1f1efa0, 0x000001ebe1f1d650, 0x000001ebe1f1f4b0,
0x000001ebe1f22750, 0x000001ebe1f1bd00, 0x000001ebe1f20e00, 0x000001ebe1f21310
}

Java Threads: ( => current thread )
  0x000001eb97261b80 JavaThread "main" [_thread_blocked, id=16708, stack(0x0000003813800000,0x0000003813900000)]
  0x000001ebbd574160 JavaThread "Reference Handler" daemon [_thread_blocked, id=11856, stack(0x0000003813f00000,0x0000003814000000)]
  0x000001ebbd574ef0 JavaThread "Finalizer" daemon [_thread_blocked, id=17072, stack(0x0000003814000000,0x0000003814100000)]
  0x000001ebbd58c690 JavaThread "Signal Dispatcher" daemon [_thread_blocked, id=16180, stack(0x0000003814100000,0x0000003814200000)]
  0x000001ebbd58ef70 JavaThread "Attach Listener" daemon [_thread_blocked, id=12220, stack(0x0000003814200000,0x0000003814300000)]
  0x000001ebbd58f840 JavaThread "Service Thread" daemon [_thread_blocked, id=14648, stack(0x0000003814300000,0x0000003814400000)]
  0x000001ebbd590110 JavaThread "Monitor Deflation Thread" daemon [_thread_blocked, id=4124, stack(0x0000003814400000,0x0000003814500000)]
  0x000001ebbd5962d0 JavaThread "C2 CompilerThread0" daemon [_thread_blocked, id=12012, stack(0x0000003814500000,0x0000003814600000)]
  0x000001ebbd5a4020 JavaThread "C1 CompilerThread0" daemon [_thread_blocked, id=13176, stack(0x0000003814600000,0x0000003814700000)]
  0x000001ebbd5b0d60 JavaThread "Sweeper thread" daemon [_thread_blocked, id=8564, stack(0x0000003814700000,0x0000003814800000)]
  0x000001ebbd7c0f50 JavaThread "Common-Cleaner" daemon [_thread_blocked, id=9452, stack(0x0000003814800000,0x0000003814900000)]
  0x000001ebbd94af20 JavaThread "Notification Thread" daemon [_thread_blocked, id=17180, stack(0x0000003814900000,0x0000003814a00000)]
  0x000001ebde1387a0 JavaThread "Daemon health stats" [_thread_blocked, id=17076, stack(0x0000003814f00000,0x0000003815000000)]
  0x000001ebbdaa8ab0 JavaThread "Incoming local TCP Connector on port 58138" [_thread_in_native, id=10668, stack(0x0000003815000000,0x0000003815100000)]
  0x000001ebbda291a0 JavaThread "Daemon periodic checks" [_thread_blocked, id=16812, stack(0x0000003815100000,0x0000003815200000)]
  0x000001ebbd5de710 JavaThread "Cache worker for journal cache (C:\Users\HP\.gradle\caches\journal-1)" [_thread_blocked, id=10312, stack(0x0000003815900000,0x0000003815a00000)]
  0x000001ebbd5dcdc0 JavaThread "File lock request listener" [_thread_in_native, id=11156, stack(0x0000003815a00000,0x0000003815b00000)]
  0x000001ebbd5dd7e0 JavaThread "Cache worker for file hash cache (C:\Users\HP\.gradle\caches\8.10.2\fileHashes)" [_thread_blocked, id=15116, stack(0x0000003815b00000,0x0000003815c00000)]
  0x000001ebbd5df130 JavaThread "File watcher server" daemon [_thread_blocked, id=13996, stack(0x0000003816200000,0x0000003816300000)]
  0x000001ebdda047f0 JavaThread "File watcher consumer" daemon [_thread_blocked, id=16476, stack(0x0000003816300000,0x0000003816400000)]
  0x000001ebdda06140 JavaThread "Cache worker for file content cache (C:\Users\HP\.gradle\caches\8.10.2\fileContent)" [_thread_blocked, id=11024, stack(0x0000003816500000,0x0000003816600000)]
  0x000001ebdda04d00 JavaThread "jar transforms" [_thread_blocked, id=3048, stack(0x0000003816800000,0x0000003816900000)]
  0x000001ebdf77a8e0 JavaThread "Memory manager" [_thread_blocked, id=8584, stack(0x0000003818800000,0x0000003818900000)]
  0x000001ebe1f1e070 JavaThread "jar transforms Thread 2" [_thread_blocked, id=16544, stack(0x000000381c900000,0x000000381ca00000)]
  0x000001ebe1f1ea90 JavaThread "jar transforms Thread 3" [_thread_blocked, id=10024, stack(0x000000381ca00000,0x000000381cb00000)]
  0x000001ebdda95570 JavaThread "jar transforms Thread 4" [_thread_blocked, id=12344, stack(0x000000381d300000,0x000000381d400000)]
  0x000001ebdda92cf0 JavaThread "jar transforms Thread 5" [_thread_blocked, id=13208, stack(0x0000003813500000,0x0000003813600000)]
  0x000001ebdda98300 JavaThread "jar transforms Thread 6" [_thread_blocked, id=17364, stack(0x0000003813600000,0x0000003813700000)]
  0x000001ebdda973d0 JavaThread "jar transforms Thread 7" [_thread_blocked, id=10120, stack(0x0000003813700000,0x0000003813800000)]
  0x000001ebdda93c20 JavaThread "jar transforms Thread 8" [_thread_blocked, id=11092, stack(0x000000381d400000,0x000000381d500000)]
  0x000001ebebcded60 JavaThread "Daemon Thread 3" [_thread_blocked, id=11076, stack(0x0000003815200000,0x0000003815300000)]
  0x000001ebebcdde30 JavaThread "Handler for socket connection from /127.0.0.1:58138 to /127.0.0.1:60582" [_thread_in_native, id=4040, stack(0x0000003815300000,0x0000003815400000)]
  0x000001ebebcde340 JavaThread "Cancel handler" [_thread_blocked, id=9952, stack(0x0000003815400000,0x0000003815500000)]
  0x000001ebebcdfc90 JavaThread "Daemon worker Thread 3" [_thread_blocked, id=9612, stack(0x0000003815500000,0x0000003815600000)]
  0x000001ebebcd9240 JavaThread "Asynchronous log dispatcher for DefaultDaemonConnection: socket connection from /127.0.0.1:58138 to /127.0.0.1:60582" [_thread_blocked, id=9560, stack(0x0000003815600000,0x0000003815700000)]
  0x000001ebebcdf780 JavaThread "Stdin handler" [_thread_blocked, id=13400, stack(0x0000003815700000,0x0000003815800000)]
  0x000001ebebce01a0 JavaThread "Daemon client event forwarder" [_thread_blocked, id=17308, stack(0x0000003815800000,0x0000003815900000)]
  0x000001ebebce06b0 JavaThread "Cache worker for file hash cache (D:\rpn\android\.gradle\8.10.2\fileHashes)" [_thread_blocked, id=2580, stack(0x0000003815f00000,0x0000003816000000)]
  0x000001ebebcda680 JavaThread "Cache worker for Build Output Cleanup Cache (D:\rpn\android\.gradle\buildOutputCleanup)" [_thread_blocked, id=13432, stack(0x0000003816000000,0x0000003816100000)]
  0x000001ebebcdbfd0 JavaThread "Cache worker for checksums cache (D:\rpn\android\.gradle\8.10.2\checksums)" [_thread_blocked, id=16848, stack(0x0000003816400000,0x0000003816500000)]
  0x000001ebebcdc4e0 JavaThread "Cache worker for cache directory md-rule (C:\Users\HP\.gradle\caches\8.10.2\md-rule)" [_thread_blocked, id=8672, stack(0x0000003816600000,0x0000003816700000)]
  0x000001ebebce0bc0 JavaThread "Cache worker for cache directory md-supplier (C:\Users\HP\.gradle\caches\8.10.2\md-supplier)" [_thread_blocked, id=13504, stack(0x0000003816700000,0x0000003816800000)]
  0x000001ebebcdc9f0 JavaThread "Cache worker for Build Output Cleanup Cache (D:\rpn\node_modules\@react-native\gradle-plugin\.gradle\buildOutputCleanup)" [_thread_blocked, id=11068, stack(0x0000003816a00000,0x0000003816b00000)]
  0x000001ebebcdcf00 JavaThread "Unconstrained build operations" [_thread_blocked, id=11812, stack(0x0000003816b00000,0x0000003816c00000)]
  0x000001ebebcdf270 JavaThread "Unconstrained build operations Thread 2" [_thread_blocked, id=7872, stack(0x0000003816c00000,0x0000003816d00000)]
  0x000001ebebcd9750 JavaThread "Unconstrained build operations Thread 3" [_thread_blocked, id=5504, stack(0x0000003816d00000,0x0000003816e00000)]
  0x000001ebebcd9c60 JavaThread "Unconstrained build operations Thread 4" [_thread_blocked, id=14432, stack(0x0000003816e00000,0x0000003816f00000)]
  0x000001ebebcdab90 JavaThread "Unconstrained build operations Thread 5" [_thread_blocked, id=15552, stack(0x0000003816f00000,0x0000003817000000)]
  0x000001ebebcdb0a0 JavaThread "Unconstrained build operations Thread 6" [_thread_blocked, id=452, stack(0x0000003817000000,0x0000003817100000)]
  0x000001ebea946780 JavaThread "Unconstrained build operations Thread 7" [_thread_blocked, id=2420, stack(0x0000003817100000,0x0000003817200000)]
  0x000001ebea9439f0 JavaThread "Unconstrained build operations Thread 8" [_thread_blocked, id=5884, stack(0x0000003817200000,0x0000003817300000)]
  0x000001ebea946270 JavaThread "Unconstrained build operations Thread 9" [_thread_blocked, id=10948, stack(0x0000003817300000,0x0000003817400000)]
  0x000001ebea941680 JavaThread "Unconstrained build operations Thread 10" [_thread_blocked, id=3660, stack(0x0000003817400000,0x0000003817500000)]
  0x000001ebea943f00 JavaThread "Unconstrained build operations Thread 11" [_thread_blocked, id=15120, stack(0x0000003817500000,0x0000003817600000)]
  0x000001ebea942ac0 JavaThread "Unconstrained build operations Thread 12" [_thread_blocked, id=14024, stack(0x0000003817600000,0x0000003817700000)]
  0x000001ebea942fd0 JavaThread "Unconstrained build operations Thread 13" [_thread_blocked, id=12136, stack(0x0000003817700000,0x0000003817800000)]
  0x000001ebea946c90 JavaThread "Unconstrained build operations Thread 14" [_thread_blocked, id=8364, stack(0x0000003817800000,0x0000003817900000)]
  0x000001ebea9476b0 JavaThread "Unconstrained build operations Thread 15" [_thread_blocked, id=6856, stack(0x0000003817900000,0x0000003817a00000)]
  0x000001ebea944e30 JavaThread "Unconstrained build operations Thread 16" [_thread_blocked, id=1432, stack(0x0000003817a00000,0x0000003817b00000)]
  0x000001ebea9471a0 JavaThread "Unconstrained build operations Thread 17" [_thread_blocked, id=9784, stack(0x0000003817b00000,0x0000003817c00000)]
  0x000001ebea947bc0 JavaThread "Unconstrained build operations Thread 18" [_thread_blocked, id=16516, stack(0x0000003817c00000,0x0000003817d00000)]
  0x000001ebea9434e0 JavaThread "build event listener" [_thread_blocked, id=16288, stack(0x0000003817d00000,0x0000003817e00000)]
  0x000001ebea9480d0 JavaThread "ForkJoinPool.commonPool-worker-20" daemon [_thread_blocked, id=5336, stack(0x0000003817e00000,0x0000003817f00000)]
  0x000001ebea940c60 JavaThread "ForkJoinPool.commonPool-worker-21" daemon [_thread_blocked, id=12800, stack(0x0000003817f00000,0x0000003818000000)]
  0x000001ebea944410 JavaThread "ForkJoinPool.commonPool-worker-22" daemon [_thread_blocked, id=16240, stack(0x0000003818000000,0x0000003818100000)]
  0x000001ebea9420a0 JavaThread "ForkJoinPool.commonPool-worker-23" daemon [_thread_blocked, id=15780, stack(0x0000003818100000,0x0000003818200000)]
  0x000001ebea9425b0 JavaThread "ForkJoinPool.commonPool-worker-24" daemon [_thread_blocked, id=7200, stack(0x0000003818200000,0x0000003818300000)]
  0x000001ebea944920 JavaThread "included builds" [_thread_blocked, id=15144, stack(0x0000003818300000,0x0000003818400000)]
  0x000001ebea945340 JavaThread "Execution worker" [_thread_blocked, id=13704, stack(0x0000003818400000,0x0000003818500000)]
  0x000001ebea9485e0 JavaThread "Execution worker Thread 2" [_thread_blocked, id=16400, stack(0x0000003818500000,0x0000003818600000)]
  0x000001ebea941170 JavaThread "Execution worker Thread 3" [_thread_blocked, id=17248, stack(0x0000003818600000,0x0000003818700000)]
  0x000001ebdf77c230 JavaThread "Execution worker Thread 4" [_thread_blocked, id=13864, stack(0x0000003818700000,0x0000003818800000)]
  0x000001ebdf77e090 JavaThread "Execution worker Thread 5" [_thread_blocked, id=2460, stack(0x0000003818900000,0x0000003818a00000)]
  0x000001ebdf77eab0 JavaThread "Execution worker Thread 6" [_thread_blocked, id=12620, stack(0x0000003818a00000,0x0000003818b00000)]
  0x000001ebdf778f90 JavaThread "Execution worker Thread 7" [_thread_blocked, id=10660, stack(0x0000003818b00000,0x0000003818c00000)]
  0x000001ebdf77c740 JavaThread "Cache worker for execution history cache (D:\rpn\node_modules\@react-native\gradle-plugin\.gradle\8.10.2\executionHistory)" [_thread_blocked, id=3316, stack(0x0000003818c00000,0x0000003818d00000)]
  0x000001ebdf778a80 JavaThread "Unconstrained build operations Thread 19" [_thread_blocked, id=17104, stack(0x0000003818d00000,0x0000003818e00000)]
  0x000001ebdf77efc0 JavaThread "Unconstrained build operations Thread 20" [_thread_blocked, id=13740, stack(0x0000003818e00000,0x0000003818f00000)]
  0x000001ebdf7794a0 JavaThread "Unconstrained build operations Thread 21" [_thread_blocked, id=17184, stack(0x0000003818f00000,0x0000003819000000)]
  0x000001ebdf77b300 JavaThread "Unconstrained build operations Thread 22" [_thread_blocked, id=13316, stack(0x0000003819000000,0x0000003819100000)]
  0x000001ebdf77cc50 JavaThread "Unconstrained build operations Thread 23" [_thread_blocked, id=7496, stack(0x0000003819100000,0x0000003819200000)]
  0x000001ebdf77db80 JavaThread "Unconstrained build operations Thread 24" [_thread_blocked, id=11952, stack(0x0000003819200000,0x0000003819300000)]
  0x000001ebdf77adf0 JavaThread "Unconstrained build operations Thread 25" [_thread_blocked, id=16504, stack(0x0000003819300000,0x0000003819400000)]
  0x000001ebdf77d670 JavaThread "Unconstrained build operations Thread 26" [_thread_blocked, id=17312, stack(0x0000003819400000,0x0000003819500000)]
  0x000001ebdf7799b0 JavaThread "Unconstrained build operations Thread 27" [_thread_blocked, id=14356, stack(0x0000003819500000,0x0000003819600000)]
  0x000001ebdf779ec0 JavaThread "Unconstrained build operations Thread 28" [_thread_blocked, id=5856, stack(0x0000003819600000,0x0000003819700000)]
  0x000001ebdf77bd20 JavaThread "Unconstrained build operations Thread 29" [_thread_blocked, id=11244, stack(0x0000003819800000,0x0000003819900000)]
  0x000001ebdf77d160 JavaThread "Unconstrained build operations Thread 30" [_thread_blocked, id=2400, stack(0x0000003819900000,0x0000003819a00000)]
  0x000001ebdf77f4d0 JavaThread "Unconstrained build operations Thread 31" [_thread_blocked, id=16972, stack(0x0000003819a00000,0x0000003819b00000)]
  0x000001ebdf77a3d0 JavaThread "Unconstrained build operations Thread 32" [_thread_blocked, id=17228, stack(0x0000003819b00000,0x0000003819c00000)]
  0x000001ebdf778060 JavaThread "Unconstrained build operations Thread 33" [_thread_blocked, id=10884, stack(0x0000003819c00000,0x0000003819d00000)]
  0x000001ebdf77b810 JavaThread "Unconstrained build operations Thread 34" [_thread_blocked, id=2472, stack(0x0000003819d00000,0x0000003819e00000)]
  0x000001ebdf77f9e0 JavaThread "Unconstrained build operations Thread 35" [_thread_blocked, id=16804, stack(0x0000003819e00000,0x0000003819f00000)]
  0x000001ebe1f1efa0 JavaThread "Unconstrained build operations Thread 36" [_thread_blocked, id=8892, stack(0x0000003819f00000,0x000000381a000000)]
  0x000001ebe1f1d650 JavaThread "Unconstrained build operations Thread 37" [_thread_blocked, id=17360, stack(0x000000381a000000,0x000000381a100000)]
  0x000001ebe1f1f4b0 JavaThread "Unconstrained build operations Thread 38" [_thread_blocked, id=6652, stack(0x000000381a100000,0x000000381a200000)]
  0x000001ebe1f22750 JavaThread "Unconstrained build operations Thread 39" [_thread_blocked, id=6380, stack(0x000000381a200000,0x000000381a300000)]
  0x000001ebe1f1bd00 JavaThread "Unconstrained build operations Thread 40" [_thread_blocked, id=7364, stack(0x000000381a300000,0x000000381a400000)]
  0x000001ebe1f20e00 JavaThread "Unconstrained build operations Thread 41" [_thread_blocked, id=7828, stack(0x000000381a400000,0x000000381a500000)]
  0x000001ebe1f21310 JavaThread "Unconstrained build operations Thread 42" [_thread_blocked, id=11704, stack(0x000000381a500000,0x000000381a600000)]

Other Threads:
=>0x000001ebbd56d7a0 VMThread "VM Thread" [stack: 0x0000003813e00000,0x0000003813f00000] [id=13044]
  0x000001ebbd94bc10 WatcherThread [stack: 0x0000003814a00000,0x0000003814b00000] [id=11788]
  0x000001eb972d1250 GCTaskThread "GC Thread#0" [stack: 0x0000003813900000,0x0000003813a00000] [id=16508]
  0x000001ebbd99d750 GCTaskThread "GC Thread#1" [stack: 0x0000003814b00000,0x0000003814c00000] [id=11252]
  0x000001ebdd078010 GCTaskThread "GC Thread#2" [stack: 0x0000003814c00000,0x0000003814d00000] [id=14280]
  0x000001ebdd871420 GCTaskThread "GC Thread#3" [stack: 0x0000003814d00000,0x0000003814e00000] [id=9244]
  0x000001ebdd84a0a0 GCTaskThread "GC Thread#4" [stack: 0x0000003814e00000,0x0000003814f00000] [id=12708]
  0x000001ebded3b910 GCTaskThread "GC Thread#5" [stack: 0x0000003815c00000,0x0000003815d00000] [id=15268]
  0x000001ebded3a050 GCTaskThread "GC Thread#6" [stack: 0x0000003815d00000,0x0000003815e00000] [id=10448]
  0x000001ebded3ab50 GCTaskThread "GC Thread#7" [stack: 0x0000003815e00000,0x0000003815f00000] [id=13920]
  0x000001eb972dc0c0 ConcurrentGCThread "G1 Main Marker" [stack: 0x0000003813a00000,0x0000003813b00000] [id=9904]
  0x000001eb972dd190 ConcurrentGCThread "G1 Conc#0" [stack: 0x0000003813b00000,0x0000003813c00000] [id=12108]
  0x000001ebded3a310 ConcurrentGCThread "G1 Conc#1" [stack: 0x0000003816100000,0x0000003816200000] [id=10600]
  0x000001eb973174a0 ConcurrentGCThread "G1 Refine#0" [stack: 0x0000003813c00000,0x0000003813d00000] [id=11320]
  0x000001ebde22c670 ConcurrentGCThread "G1 Refine#1" [stack: 0x0000003816900000,0x0000003816a00000] [id=17208]
  0x000001ebe2304170 ConcurrentGCThread "G1 Refine#2" [stack: 0x000000381d500000,0x000000381d600000] [id=13436]
  0x000001ebe9179270 ConcurrentGCThread "G1 Refine#3" [stack: 0x000000381d000000,0x000000381d100000] [id=15820]
  0x000001ebe917a9f0 ConcurrentGCThread "G1 Refine#4" [stack: 0x000000381d100000,0x000000381d200000] [id=15572]
  0x000001ebe9179560 ConcurrentGCThread "G1 Refine#5" [stack: 0x000000381d200000,0x000000381d300000] [id=14900]
  0x000001ebe91789a0 ConcurrentGCThread "G1 Refine#6" [stack: 0x000000381d600000,0x000000381d700000] [id=1292]
  0x000001ebe917ace0 ConcurrentGCThread "G1 Refine#7" [stack: 0x000000381d700000,0x000000381d800000] [id=10908]
  0x000001eb97317de0 ConcurrentGCThread "G1 Service" [stack: 0x0000003813d00000,0x0000003813e00000] [id=1192]

Threads with active compile tasks:
C2 CompilerThread0  5283742 27655       4       org.gradle.api.internal.artifacts.transform.AttributeMatchingArtifactVariantSelector::doSelect (285 bytes)

VM state: at safepoint (normal execution)

VM Mutex/Monitor currently owned by a thread:  ([mutex/lock_event])
[0x000001eb9725e090] Threads_lock - owner thread: 0x000001ebbd56d7a0
[0x000001eb9725d3a0] Heap_lock - owner thread: 0x000001ebebcdfc90

Heap address: 0x00000006e0000000, size: 4608 MB, Compressed Oops mode: Zero based, Oop shift amount: 3

CDS archive(s) mapped at: [0x000001ebbe000000-0x000001ebbebb0000-0x000001ebbebb0000), size 12255232, SharedBaseAddress: 0x000001ebbe000000, ArchiveRelocationMode: 1.
Compressed class space mapped at: 0x000001ebbf000000-0x000001ebd9000000, reserved size: 436207616
Narrow klass base: 0x000001ebbe000000, Narrow klass shift: 0, Narrow klass range: 0x100000000

GC Precious Log:
 CPUs: 8 total, 8 available
 Memory: 8029M
 Large Page Support: Disabled
 NUMA Support: Disabled
 Compressed Oops: Enabled (Zero based)
 Heap Region Size: 4M
 Heap Min Capacity: 8M
 Heap Initial Capacity: 128M
 Heap Max Capacity: 4608M
 Pre-touch: Disabled
 Parallel Workers: 8
 Concurrent Workers: 2
 Concurrent Refinement Workers: 8
 Periodic GC: Disabled

Heap:
 garbage-first heap   total 1019904K, used 373559K [0x00000006e0000000, 0x0000000800000000)
  region size 4096K, 5 young (20480K), 5 survivors (20480K)
 Metaspace       used 134095K, committed 136512K, reserved 557056K
  class space    used 18225K, committed 19328K, reserved 425984K

Heap Regions: E=young(eden), S=young(survivor), O=old, HS=humongous(starts), HC=humongous(continues), CS=collection set, F=free, OA=open archive, CA=closed archive, TAMS=top-at-mark-start (previous, next)
|   0|0x00000006e0000000, 0x00000006e0400000, 0x00000006e0400000|100%|HS|  |TAMS 0x00000006e0400000, 0x00000006e0400000| Complete 
|   1|0x00000006e0400000, 0x00000006e0800000, 0x00000006e0800000|100%| O|  |TAMS 0x00000006e0800000, 0x00000006e0800000| Untracked 
|   2|0x00000006e0800000, 0x00000006e0c00000, 0x00000006e0c00000|100%| O|  |TAMS 0x00000006e0c00000, 0x00000006e0c00000| Untracked 
|   3|0x00000006e0c00000, 0x00000006e0fd4200, 0x00000006e1000000| 95%| O|  |TAMS 0x00000006e0fd4200, 0x00000006e0fd4200| Untracked 
|   4|0x00000006e1000000, 0x00000006e1400000, 0x00000006e1400000|100%| O|  |TAMS 0x00000006e1400000, 0x00000006e1400000| Untracked 
|   5|0x00000006e1400000, 0x00000006e1800000, 0x00000006e1800000|100%| O|  |TAMS 0x00000006e1800000, 0x00000006e1800000| Untracked 
|   6|0x00000006e1800000, 0x00000006e1c00000, 0x00000006e1c00000|100%| O|  |TAMS 0x00000006e1c00000, 0x00000006e1c00000| Untracked 
|   7|0x00000006e1c00000, 0x00000006e2000000, 0x00000006e2000000|100%| O|  |TAMS 0x00000006e2000000, 0x00000006e2000000| Untracked 
|   8|0x00000006e2000000, 0x00000006e2400000, 0x00000006e2400000|100%| O|  |TAMS 0x00000006e2400000, 0x00000006e2400000| Untracked 
|   9|0x00000006e2400000, 0x00000006e2800000, 0x00000006e2800000|100%| O|  |TAMS 0x00000006e2800000, 0x00000006e2800000| Untracked 
|  10|0x00000006e2800000, 0x00000006e2c00000, 0x00000006e2c00000|100%| O|  |TAMS 0x00000006e2c00000, 0x00000006e2c00000| Untracked 
|  11|0x00000006e2c00000, 0x00000006e3000000, 0x00000006e3000000|100%| O|  |TAMS 0x00000006e3000000, 0x00000006e3000000| Untracked 
|  12|0x00000006e3000000, 0x00000006e3400000, 0x00000006e3400000|100%| O|  |TAMS 0x00000006e3000000, 0x00000006e3400000| Untracked 
|  13|0x00000006e3400000, 0x00000006e3800000, 0x00000006e3800000|100%|HS|  |TAMS 0x00000006e3800000, 0x00000006e3800000| Complete 
|  14|0x00000006e3800000, 0x00000006e3c00000, 0x00000006e3c00000|100%|HS|  |TAMS 0x00000006e3c00000, 0x00000006e3c00000| Complete 
|  15|0x00000006e3c00000, 0x00000006e4000000, 0x00000006e4000000|100%| O|  |TAMS 0x00000006e4000000, 0x00000006e4000000| Untracked 
|  16|0x00000006e4000000, 0x00000006e4400000, 0x00000006e4400000|100%| O|  |TAMS 0x00000006e4400000, 0x00000006e4400000| Untracked 
|  17|0x00000006e4400000, 0x00000006e4800000, 0x00000006e4800000|100%| O|  |TAMS 0x00000006e4800000, 0x00000006e4800000| Untracked 
|  18|0x00000006e4800000, 0x00000006e4c00000, 0x00000006e4c00000|100%| O|  |TAMS 0x00000006e4c00000, 0x00000006e4c00000| Untracked 
|  19|0x00000006e4c00000, 0x00000006e5000000, 0x00000006e5000000|100%| O|  |TAMS 0x00000006e5000000, 0x00000006e5000000| Untracked 
|  20|0x00000006e5000000, 0x00000006e5400000, 0x00000006e5400000|100%| O|  |TAMS 0x00000006e5400000, 0x00000006e5400000| Untracked 
|  21|0x00000006e5400000, 0x00000006e5800000, 0x00000006e5800000|100%| O|  |TAMS 0x00000006e5400000, 0x00000006e5800000| Untracked 
|  22|0x00000006e5800000, 0x00000006e5c00000, 0x00000006e5c00000|100%| O|  |TAMS 0x00000006e5c00000, 0x00000006e5c00000| Untracked 
|  23|0x00000006e5c00000, 0x00000006e6000000, 0x00000006e6000000|100%| O|  |TAMS 0x00000006e6000000, 0x00000006e6000000| Untracked 
|  24|0x00000006e6000000, 0x00000006e6400000, 0x00000006e6400000|100%| O|  |TAMS 0x00000006e6400000, 0x00000006e6400000| Untracked 
|  25|0x00000006e6400000, 0x00000006e6800000, 0x00000006e6800000|100%| O|  |TAMS 0x00000006e6800000, 0x00000006e6800000| Untracked 
|  26|0x00000006e6800000, 0x00000006e6c00000, 0x00000006e6c00000|100%| O|  |TAMS 0x00000006e6c00000, 0x00000006e6c00000| Untracked 
|  27|0x00000006e6c00000, 0x00000006e7000000, 0x00000006e7000000|100%| O|  |TAMS 0x00000006e7000000, 0x00000006e7000000| Untracked 
|  28|0x00000006e7000000, 0x00000006e7400000, 0x00000006e7400000|100%| O|  |TAMS 0x00000006e7400000, 0x00000006e7400000| Untracked 
|  29|0x00000006e7400000, 0x00000006e7800000, 0x00000006e7800000|100%| O|  |TAMS 0x00000006e7800000, 0x00000006e7800000| Untracked 
|  30|0x00000006e7800000, 0x00000006e7c00000, 0x00000006e7c00000|100%| O|  |TAMS 0x00000006e7c00000, 0x00000006e7c00000| Untracked 
|  31|0x00000006e7c00000, 0x00000006e7da6200, 0x00000006e8000000| 41%| O|  |TAMS 0x00000006e7c00000, 0x00000006e7da6200| Untracked 
|  32|0x00000006e8000000, 0x00000006e8000000, 0x00000006e8400000|  0%| F|  |TAMS 0x00000006e8000000, 0x00000006e8000000| Untracked 
|  33|0x00000006e8400000, 0x00000006e8800000, 0x00000006e8800000|100%| O|  |TAMS 0x00000006e8400000, 0x00000006e8800000| Untracked 
|  34|0x00000006e8800000, 0x00000006e8c00000, 0x00000006e8c00000|100%| O|  |TAMS 0x00000006e8800000, 0x00000006e8c00000| Untracked 
|  35|0x00000006e8c00000, 0x00000006e9000000, 0x00000006e9000000|100%| O|  |TAMS 0x00000006e9000000, 0x00000006e9000000| Untracked 
|  36|0x00000006e9000000, 0x00000006e9400000, 0x00000006e9400000|100%| O|  |TAMS 0x00000006e9400000, 0x00000006e9400000| Untracked 
|  37|0x00000006e9400000, 0x00000006e9800000, 0x00000006e9800000|100%| O|  |TAMS 0x00000006e9800000, 0x00000006e9800000| Untracked 
|  38|0x00000006e9800000, 0x00000006e9800000, 0x00000006e9c00000|  0%| F|  |TAMS 0x00000006e9800000, 0x00000006e9800000| Untracked 
|  39|0x00000006e9c00000, 0x00000006ea000000, 0x00000006ea000000|100%| O|  |TAMS 0x00000006ea000000, 0x00000006ea000000| Untracked 
|  40|0x00000006ea000000, 0x00000006ea000000, 0x00000006ea400000|  0%| F|  |TAMS 0x00000006ea000000, 0x00000006ea000000| Untracked 
|  41|0x00000006ea400000, 0x00000006ea800000, 0x00000006ea800000|100%| O|  |TAMS 0x00000006ea800000, 0x00000006ea800000| Untracked 
|  42|0x00000006ea800000, 0x00000006eac00000, 0x00000006eac00000|100%| O|  |TAMS 0x00000006eac00000, 0x00000006eac00000| Untracked 
|  43|0x00000006eac00000, 0x00000006eac00000, 0x00000006eb000000|  0%| F|  |TAMS 0x00000006eac00000, 0x00000006eac00000| Untracked 
|  44|0x00000006eb000000, 0x00000006eb400000, 0x00000006eb400000|100%| O|  |TAMS 0x00000006eb400000, 0x00000006eb400000| Untracked 
|  45|0x00000006eb400000, 0x00000006eb800000, 0x00000006eb800000|100%| O|  |TAMS 0x00000006eb800000, 0x00000006eb800000| Untracked 
|  46|0x00000006eb800000, 0x00000006ebc00000, 0x00000006ebc00000|100%| O|  |TAMS 0x00000006ebc00000, 0x00000006ebc00000| Untracked 
|  47|0x00000006ebc00000, 0x00000006ec000000, 0x00000006ec000000|100%| O|  |TAMS 0x00000006ec000000, 0x00000006ec000000| Untracked 
|  48|0x00000006ec000000, 0x00000006ec400000, 0x00000006ec400000|100%| O|  |TAMS 0x00000006ec400000, 0x00000006ec400000| Untracked 
|  49|0x00000006ec400000, 0x00000006ec800000, 0x00000006ec800000|100%| O|  |TAMS 0x00000006ec800000, 0x00000006ec800000| Untracked 
|  50|0x00000006ec800000, 0x00000006ecc00000, 0x00000006ecc00000|100%| O|  |TAMS 0x00000006ecc00000, 0x00000006ecc00000| Untracked 
|  51|0x00000006ecc00000, 0x00000006ed000000, 0x00000006ed000000|100%| O|  |TAMS 0x00000006ed000000, 0x00000006ed000000| Untracked 
|  52|0x00000006ed000000, 0x00000006ed400000, 0x00000006ed400000|100%| O|  |TAMS 0x00000006ed400000, 0x00000006ed400000| Untracked 
|  53|0x00000006ed400000, 0x00000006ed800000, 0x00000006ed800000|100%| O|  |TAMS 0x00000006ed800000, 0x00000006ed800000| Untracked 
|  54|0x00000006ed800000, 0x00000006edc00000, 0x00000006edc00000|100%| O|  |TAMS 0x00000006edc00000, 0x00000006edc00000| Untracked 
|  55|0x00000006edc00000, 0x00000006ee000000, 0x00000006ee000000|100%| O|  |TAMS 0x00000006ee000000, 0x00000006ee000000| Untracked 
|  56|0x00000006ee000000, 0x00000006ee400000, 0x00000006ee400000|100%| O|  |TAMS 0x00000006ee000000, 0x00000006ee400000| Untracked 
|  57|0x00000006ee400000, 0x00000006ee800000, 0x00000006ee800000|100%| O|  |TAMS 0x00000006ee400000, 0x00000006ee800000| Untracked 
|  58|0x00000006ee800000, 0x00000006eec00000, 0x00000006eec00000|100%| O|  |TAMS 0x00000006eec00000, 0x00000006eec00000| Untracked 
|  59|0x00000006eec00000, 0x00000006eec00000, 0x00000006ef000000|  0%| F|  |TAMS 0x00000006eec00000, 0x00000006eec00000| Untracked 
|  60|0x00000006ef000000, 0x00000006ef000000, 0x00000006ef400000|  0%| F|  |TAMS 0x00000006ef000000, 0x00000006ef000000| Untracked 
|  61|0x00000006ef400000, 0x00000006ef400000, 0x00000006ef800000|  0%| F|  |TAMS 0x00000006ef400000, 0x00000006ef400000| Untracked 
|  62|0x00000006ef800000, 0x00000006efc00000, 0x00000006efc00000|100%|HS|  |TAMS 0x00000006efc00000, 0x00000006efc00000| Complete 
|  63|0x00000006efc00000, 0x00000006f0000000, 0x00000006f0000000|100%| O|  |TAMS 0x00000006f0000000, 0x00000006f0000000| Untracked 
|  64|0x00000006f0000000, 0x00000006f0000000, 0x00000006f0400000|  0%| F|  |TAMS 0x00000006f0000000, 0x00000006f0000000| Untracked 
|  65|0x00000006f0400000, 0x00000006f0800000, 0x00000006f0800000|100%| O|  |TAMS 0x00000006f0400000, 0x00000006f0800000| Untracked 
|  66|0x00000006f0800000, 0x00000006f0800000, 0x00000006f0c00000|  0%| F|  |TAMS 0x00000006f0800000, 0x00000006f0800000| Untracked 
|  67|0x00000006f0c00000, 0x00000006f0c00000, 0x00000006f1000000|  0%| F|  |TAMS 0x00000006f0c00000, 0x00000006f0c00000| Untracked 
|  68|0x00000006f1000000, 0x00000006f1000000, 0x00000006f1400000|  0%| F|  |TAMS 0x00000006f1000000, 0x00000006f1000000| Untracked 
|  69|0x00000006f1400000, 0x00000006f1400000, 0x00000006f1800000|  0%| F|  |TAMS 0x00000006f1400000, 0x00000006f1400000| Untracked 
|  70|0x00000006f1800000, 0x00000006f1800000, 0x00000006f1c00000|  0%| F|  |TAMS 0x00000006f1800000, 0x00000006f1800000| Untracked 
|  71|0x00000006f1c00000, 0x00000006f1c00000, 0x00000006f2000000|  0%| F|  |TAMS 0x00000006f1c00000, 0x00000006f1c00000| Untracked 
|  72|0x00000006f2000000, 0x00000006f2000000, 0x00000006f2400000|  0%| F|  |TAMS 0x00000006f2000000, 0x00000006f2000000| Untracked 
|  73|0x00000006f2400000, 0x00000006f2400000, 0x00000006f2800000|  0%| F|  |TAMS 0x00000006f2400000, 0x00000006f2400000| Untracked 
|  74|0x00000006f2800000, 0x00000006f2800000, 0x00000006f2c00000|  0%| F|  |TAMS 0x00000006f2800000, 0x00000006f2800000| Untracked 
|  75|0x00000006f2c00000, 0x00000006f3000000, 0x00000006f3000000|100%| O|  |TAMS 0x00000006f3000000, 0x00000006f3000000| Untracked 
|  76|0x00000006f3000000, 0x00000006f3400000, 0x00000006f3400000|100%| O|  |TAMS 0x00000006f3400000, 0x00000006f3400000| Untracked 
|  77|0x00000006f3400000, 0x00000006f3400000, 0x00000006f3800000|  0%| F|  |TAMS 0x00000006f3400000, 0x00000006f3400000| Untracked 
|  78|0x00000006f3800000, 0x00000006f3800000, 0x00000006f3c00000|  0%| F|  |TAMS 0x00000006f3800000, 0x00000006f3800000| Untracked 
|  79|0x00000006f3c00000, 0x00000006f3c00000, 0x00000006f4000000|  0%| F|  |TAMS 0x00000006f3c00000, 0x00000006f3c00000| Untracked 
|  80|0x00000006f4000000, 0x00000006f4400000, 0x00000006f4400000|100%| O|  |TAMS 0x00000006f4400000, 0x00000006f4400000| Untracked 
|  81|0x00000006f4400000, 0x00000006f4800000, 0x00000006f4800000|100%| O|  |TAMS 0x00000006f46ba000, 0x00000006f4800000| Untracked 
|  82|0x00000006f4800000, 0x00000006f4c00000, 0x00000006f4c00000|100%| O|  |TAMS 0x00000006f4c00000, 0x00000006f4c00000| Untracked 
|  83|0x00000006f4c00000, 0x00000006f4c00000, 0x00000006f5000000|  0%| F|  |TAMS 0x00000006f4c00000, 0x00000006f4c00000| Untracked 
|  84|0x00000006f5000000, 0x00000006f5400000, 0x00000006f5400000|100%| O|  |TAMS 0x00000006f5400000, 0x00000006f5400000| Untracked 
|  85|0x00000006f5400000, 0x00000006f5800000, 0x00000006f5800000|100%| O|  |TAMS 0x00000006f5800000, 0x00000006f5800000| Untracked 
|  86|0x00000006f5800000, 0x00000006f5c00000, 0x00000006f5c00000|100%| O|  |TAMS 0x00000006f5c00000, 0x00000006f5c00000| Untracked 
|  87|0x00000006f5c00000, 0x00000006f5c00000, 0x00000006f6000000|  0%| F|  |TAMS 0x00000006f5c00000, 0x00000006f5c00000| Untracked 
|  88|0x00000006f6000000, 0x00000006f6000000, 0x00000006f6400000|  0%| F|  |TAMS 0x00000006f6000000, 0x00000006f6000000| Untracked 
|  89|0x00000006f6400000, 0x00000006f6400000, 0x00000006f6800000|  0%| F|  |TAMS 0x00000006f6400000, 0x00000006f6400000| Untracked 
|  90|0x00000006f6800000, 0x00000006f6c00000, 0x00000006f6c00000|100%| O|  |TAMS 0x00000006f6800000, 0x00000006f6c00000| Untracked 
|  91|0x00000006f6c00000, 0x00000006f7000000, 0x00000006f7000000|100%| O|  |TAMS 0x00000006f6c00000, 0x00000006f7000000| Untracked 
|  92|0x00000006f7000000, 0x00000006f7000000, 0x00000006f7400000|  0%| F|  |TAMS 0x00000006f7000000, 0x00000006f7000000| Untracked 
|  93|0x00000006f7400000, 0x00000006f7800000, 0x00000006f7800000|100%| O|  |TAMS 0x00000006f7400000, 0x00000006f7800000| Untracked 
|  94|0x00000006f7800000, 0x00000006f7c00000, 0x00000006f7c00000|100%| O|  |TAMS 0x00000006f7800000, 0x00000006f7c00000| Untracked 
|  95|0x00000006f7c00000, 0x00000006f8000000, 0x00000006f8000000|100%| O|  |TAMS 0x00000006f7c00000, 0x00000006f8000000| Untracked 
|  96|0x00000006f8000000, 0x00000006f8400000, 0x00000006f8400000|100%| O|  |TAMS 0x00000006f8000000, 0x00000006f8400000| Untracked 
|  97|0x00000006f8400000, 0x00000006f8800000, 0x00000006f8800000|100%| O|  |TAMS 0x00000006f8400000, 0x00000006f8800000| Untracked 
|  98|0x00000006f8800000, 0x00000006f8c00000, 0x00000006f8c00000|100%| O|  |TAMS 0x00000006f8c00000, 0x00000006f8c00000| Untracked 
|  99|0x00000006f8c00000, 0x00000006f8c00000, 0x00000006f9000000|  0%| F|  |TAMS 0x00000006f8c00000, 0x00000006f8c00000| Untracked 
| 100|0x00000006f9000000, 0x00000006f9400000, 0x00000006f9400000|100%| O|  |TAMS 0x00000006f9000000, 0x00000006f9400000| Untracked 
| 101|0x00000006f9400000, 0x00000006f9800000, 0x00000006f9800000|100%| O|  |TAMS 0x00000006f9400000, 0x00000006f9800000| Untracked 
| 102|0x00000006f9800000, 0x00000006f9800000, 0x00000006f9c00000|  0%| F|  |TAMS 0x00000006f9800000, 0x00000006f9800000| Untracked 
| 103|0x00000006f9c00000, 0x00000006f9c00000, 0x00000006fa000000|  0%| F|  |TAMS 0x00000006f9c00000, 0x00000006f9c00000| Untracked 
| 104|0x00000006fa000000, 0x00000006fa000000, 0x00000006fa400000|  0%| F|  |TAMS 0x00000006fa000000, 0x00000006fa000000| Untracked 
| 105|0x00000006fa400000, 0x00000006fa400000, 0x00000006fa800000|  0%| F|  |TAMS 0x00000006fa400000, 0x00000006fa400000| Untracked 
| 106|0x00000006fa800000, 0x00000006fa800000, 0x00000006fac00000|  0%| F|  |TAMS 0x00000006fa800000, 0x00000006fa800000| Untracked 
| 107|0x00000006fac00000, 0x00000006fac00000, 0x00000006fb000000|  0%| F|  |TAMS 0x00000006fac00000, 0x00000006fac00000| Untracked 
| 108|0x00000006fb000000, 0x00000006fb000000, 0x00000006fb400000|  0%| F|  |TAMS 0x00000006fb000000, 0x00000006fb000000| Untracked 
| 109|0x00000006fb400000, 0x00000006fb400000, 0x00000006fb800000|  0%| F|  |TAMS 0x00000006fb400000, 0x00000006fb400000| Untracked 
| 110|0x00000006fb800000, 0x00000006fb800000, 0x00000006fbc00000|  0%| F|  |TAMS 0x00000006fb800000, 0x00000006fb800000| Untracked 
| 111|0x00000006fbc00000, 0x00000006fbc00000, 0x00000006fc000000|  0%| F|  |TAMS 0x00000006fbc00000, 0x00000006fbc00000| Untracked 
| 112|0x00000006fc000000, 0x00000006fc000000, 0x00000006fc400000|  0%| F|  |TAMS 0x00000006fc000000, 0x00000006fc000000| Untracked 
| 113|0x00000006fc400000, 0x00000006fc400000, 0x00000006fc800000|  0%| F|  |TAMS 0x00000006fc400000, 0x00000006fc400000| Untracked 
| 114|0x00000006fc800000, 0x00000006fc800000, 0x00000006fcc00000|  0%| F|  |TAMS 0x00000006fc800000, 0x00000006fc800000| Untracked 
| 115|0x00000006fcc00000, 0x00000006fcc00000, 0x00000006fd000000|  0%| F|  |TAMS 0x00000006fcc00000, 0x00000006fcc00000| Untracked 
| 116|0x00000006fd000000, 0x00000006fd000000, 0x00000006fd400000|  0%| F|  |TAMS 0x00000006fd000000, 0x00000006fd000000| Untracked 
| 117|0x00000006fd400000, 0x00000006fd400000, 0x00000006fd800000|  0%| F|  |TAMS 0x00000006fd400000, 0x00000006fd400000| Untracked 
| 118|0x00000006fd800000, 0x00000006fd800000, 0x00000006fdc00000|  0%| F|  |TAMS 0x00000006fd800000, 0x00000006fd800000| Untracked 
| 119|0x00000006fdc00000, 0x00000006fe000000, 0x00000006fe000000|100%| O|  |TAMS 0x00000006fe000000, 0x00000006fe000000| Untracked 
| 120|0x00000006fe000000, 0x00000006fe400000, 0x00000006fe400000|100%| O|  |TAMS 0x00000006fe000000, 0x00000006fe400000| Untracked 
| 121|0x00000006fe400000, 0x00000006fe400000, 0x00000006fe800000|  0%| F|  |TAMS 0x00000006fe400000, 0x00000006fe400000| Untracked 
| 122|0x00000006fe800000, 0x00000006fe800000, 0x00000006fec00000|  0%| F|  |TAMS 0x00000006fe800000, 0x00000006fe800000| Untracked 
| 123|0x00000006fec00000, 0x00000006fec00000, 0x00000006ff000000|  0%| F|  |TAMS 0x00000006fec00000, 0x00000006fec00000| Untracked 
| 124|0x00000006ff000000, 0x00000006ff000000, 0x00000006ff400000|  0%| F|  |TAMS 0x00000006ff000000, 0x00000006ff000000| Untracked 
| 125|0x00000006ff400000, 0x00000006ff400000, 0x00000006ff800000|  0%| F|  |TAMS 0x00000006ff400000, 0x00000006ff400000| Untracked 
| 126|0x00000006ff800000, 0x00000006ff800000, 0x00000006ffc00000|  0%| F|  |TAMS 0x00000006ff800000, 0x00000006ff800000| Untracked 
| 127|0x00000006ffc00000, 0x00000006ffc00000, 0x0000000700000000|  0%| F|  |TAMS 0x00000006ffc00000, 0x00000006ffc00000| Untracked 
| 128|0x0000000700000000, 0x0000000700400000, 0x0000000700400000|100%| O|  |TAMS 0x0000000700000000, 0x0000000700400000| Untracked 
| 129|0x0000000700400000, 0x0000000700800000, 0x0000000700800000|100%| O|  |TAMS 0x0000000700400000, 0x0000000700800000| Untracked 
| 130|0x0000000700800000, 0x0000000700c00000, 0x0000000700c00000|100%| O|  |TAMS 0x0000000700800000, 0x0000000700c00000| Untracked 
| 131|0x0000000700c00000, 0x0000000701000000, 0x0000000701000000|100%| O|  |TAMS 0x0000000700c00000, 0x0000000701000000| Untracked 
| 132|0x0000000701000000, 0x0000000701400000, 0x0000000701400000|100%| O|  |TAMS 0x0000000701000000, 0x0000000701400000| Untracked 
| 133|0x0000000701400000, 0x0000000701800000, 0x0000000701800000|100%| O|  |TAMS 0x0000000701400000, 0x0000000701800000| Untracked 
| 134|0x0000000701800000, 0x0000000701c00000, 0x0000000701c00000|100%| O|  |TAMS 0x0000000701800000, 0x0000000701c00000| Untracked 
| 135|0x0000000701c00000, 0x0000000702000000, 0x0000000702000000|100%| O|  |TAMS 0x0000000701c00000, 0x0000000702000000| Untracked 
| 136|0x0000000702000000, 0x0000000702400000, 0x0000000702400000|100%| O|  |TAMS 0x0000000702000000, 0x0000000702400000| Untracked 
| 137|0x0000000702400000, 0x0000000702400000, 0x0000000702800000|  0%| F|  |TAMS 0x0000000702400000, 0x0000000702400000| Untracked 
| 138|0x0000000702800000, 0x0000000702800000, 0x0000000702c00000|  0%| F|  |TAMS 0x0000000702800000, 0x0000000702800000| Untracked 
| 139|0x0000000702c00000, 0x0000000702c00000, 0x0000000703000000|  0%| F|  |TAMS 0x0000000702c00000, 0x0000000702c00000| Untracked 
| 140|0x0000000703000000, 0x0000000703000000, 0x0000000703400000|  0%| F|  |TAMS 0x0000000703000000, 0x0000000703000000| Untracked 
| 141|0x0000000703400000, 0x0000000703753a40, 0x0000000703800000| 83%| S|CS|TAMS 0x0000000703400000, 0x0000000703400000| Complete 
| 142|0x0000000703800000, 0x0000000703c00000, 0x0000000703c00000|100%| S|CS|TAMS 0x0000000703800000, 0x0000000703800000| Complete 
| 143|0x0000000703c00000, 0x0000000704000000, 0x0000000704000000|100%| S|CS|TAMS 0x0000000703c00000, 0x0000000703c00000| Complete 
| 144|0x0000000704000000, 0x0000000704400000, 0x0000000704400000|100%| S|CS|TAMS 0x0000000704000000, 0x0000000704000000| Complete 
| 145|0x0000000704400000, 0x0000000704800000, 0x0000000704800000|100%| S|CS|TAMS 0x0000000704400000, 0x0000000704400000| Complete 
| 146|0x0000000704800000, 0x0000000704800000, 0x0000000704c00000|  0%| F|  |TAMS 0x0000000704800000, 0x0000000704800000| Untracked 
| 147|0x0000000704c00000, 0x0000000704c00000, 0x0000000705000000|  0%| F|  |TAMS 0x0000000704c00000, 0x0000000704c00000| Untracked 
| 148|0x0000000705000000, 0x0000000705000000, 0x0000000705400000|  0%| F|  |TAMS 0x0000000705000000, 0x0000000705000000| Untracked 
| 149|0x0000000705400000, 0x0000000705400000, 0x0000000705800000|  0%| F|  |TAMS 0x0000000705400000, 0x0000000705400000| Untracked 
| 150|0x0000000705800000, 0x0000000705800000, 0x0000000705c00000|  0%| F|  |TAMS 0x0000000705800000, 0x0000000705800000| Untracked 
| 151|0x0000000705c00000, 0x0000000705c00000, 0x0000000706000000|  0%| F|  |TAMS 0x0000000705c00000, 0x0000000705c00000| Untracked 
| 152|0x0000000706000000, 0x0000000706000000, 0x0000000706400000|  0%| F|  |TAMS 0x0000000706000000, 0x0000000706000000| Untracked 
| 153|0x0000000706400000, 0x0000000706400000, 0x0000000706800000|  0%| F|  |TAMS 0x0000000706400000, 0x0000000706400000| Untracked 
| 154|0x0000000706800000, 0x0000000706800000, 0x0000000706c00000|  0%| F|  |TAMS 0x0000000706800000, 0x0000000706800000| Untracked 
| 155|0x0000000706c00000, 0x0000000706c00000, 0x0000000707000000|  0%| F|  |TAMS 0x0000000706c00000, 0x0000000706c00000| Untracked 
| 156|0x0000000707000000, 0x0000000707000000, 0x0000000707400000|  0%| F|  |TAMS 0x0000000707000000, 0x0000000707000000| Untracked 
| 157|0x0000000707400000, 0x0000000707400000, 0x0000000707800000|  0%| F|  |TAMS 0x0000000707400000, 0x0000000707400000| Untracked 
| 158|0x0000000707800000, 0x0000000707800000, 0x0000000707c00000|  0%| F|  |TAMS 0x0000000707800000, 0x0000000707800000| Untracked 
| 159|0x0000000707c00000, 0x0000000707c00000, 0x0000000708000000|  0%| F|  |TAMS 0x0000000707c00000, 0x0000000707c00000| Untracked 
| 160|0x0000000708000000, 0x0000000708000000, 0x0000000708400000|  0%| F|  |TAMS 0x0000000708000000, 0x0000000708000000| Untracked 
| 161|0x0000000708400000, 0x0000000708400000, 0x0000000708800000|  0%| F|  |TAMS 0x0000000708400000, 0x0000000708400000| Untracked 
| 162|0x0000000708800000, 0x0000000708800000, 0x0000000708c00000|  0%| F|  |TAMS 0x0000000708800000, 0x0000000708800000| Untracked 
| 163|0x0000000708c00000, 0x0000000708c00000, 0x0000000709000000|  0%| F|  |TAMS 0x0000000708c00000, 0x0000000708c00000| Untracked 
| 164|0x0000000709000000, 0x0000000709000000, 0x0000000709400000|  0%| F|  |TAMS 0x0000000709000000, 0x0000000709000000| Untracked 
| 165|0x0000000709400000, 0x0000000709400000, 0x0000000709800000|  0%| F|  |TAMS 0x0000000709400000, 0x0000000709400000| Untracked 
| 166|0x0000000709800000, 0x0000000709800000, 0x0000000709c00000|  0%| F|  |TAMS 0x0000000709800000, 0x0000000709800000| Untracked 
| 167|0x0000000709c00000, 0x0000000709c00000, 0x000000070a000000|  0%| F|  |TAMS 0x0000000709c00000, 0x0000000709c00000| Untracked 
| 168|0x000000070a000000, 0x000000070a000000, 0x000000070a400000|  0%| F|  |TAMS 0x000000070a000000, 0x000000070a000000| Untracked 
| 169|0x000000070a400000, 0x000000070a400000, 0x000000070a800000|  0%| F|  |TAMS 0x000000070a400000, 0x000000070a400000| Untracked 
| 170|0x000000070a800000, 0x000000070a800000, 0x000000070ac00000|  0%| F|  |TAMS 0x000000070a800000, 0x000000070a800000| Untracked 
| 171|0x000000070ac00000, 0x000000070ac00000, 0x000000070b000000|  0%| F|  |TAMS 0x000000070ac00000, 0x000000070ac00000| Untracked 
| 172|0x000000070b000000, 0x000000070b000000, 0x000000070b400000|  0%| F|  |TAMS 0x000000070b000000, 0x000000070b000000| Untracked 
| 173|0x000000070b400000, 0x000000070b400000, 0x000000070b800000|  0%| F|  |TAMS 0x000000070b400000, 0x000000070b400000| Untracked 
| 174|0x000000070b800000, 0x000000070b800000, 0x000000070bc00000|  0%| F|  |TAMS 0x000000070b800000, 0x000000070b800000| Untracked 
| 175|0x000000070bc00000, 0x000000070bc00000, 0x000000070c000000|  0%| F|  |TAMS 0x000000070bc00000, 0x000000070bc00000| Untracked 
| 176|0x000000070c000000, 0x000000070c000000, 0x000000070c400000|  0%| F|  |TAMS 0x000000070c000000, 0x000000070c000000| Untracked 
| 177|0x000000070c400000, 0x000000070c400000, 0x000000070c800000|  0%| F|  |TAMS 0x000000070c400000, 0x000000070c400000| Untracked 
| 178|0x000000070c800000, 0x000000070c800000, 0x000000070cc00000|  0%| F|  |TAMS 0x000000070c800000, 0x000000070c800000| Untracked 
| 179|0x000000070cc00000, 0x000000070cc00000, 0x000000070d000000|  0%| F|  |TAMS 0x000000070cc00000, 0x000000070cc00000| Untracked 
| 180|0x000000070d000000, 0x000000070d000000, 0x000000070d400000|  0%| F|  |TAMS 0x000000070d000000, 0x000000070d000000| Untracked 
| 181|0x000000070d400000, 0x000000070d400000, 0x000000070d800000|  0%| F|  |TAMS 0x000000070d400000, 0x000000070d400000| Untracked 
| 182|0x000000070d800000, 0x000000070d800000, 0x000000070dc00000|  0%| F|  |TAMS 0x000000070d800000, 0x000000070d800000| Untracked 
| 183|0x000000070dc00000, 0x000000070dc00000, 0x000000070e000000|  0%| F|  |TAMS 0x000000070dc00000, 0x000000070dc00000| Untracked 
| 184|0x000000070e000000, 0x000000070e000000, 0x000000070e400000|  0%| F|  |TAMS 0x000000070e000000, 0x000000070e000000| Untracked 
| 185|0x000000070e400000, 0x000000070e400000, 0x000000070e800000|  0%| F|  |TAMS 0x000000070e400000, 0x000000070e400000| Untracked 
| 186|0x000000070e800000, 0x000000070e800000, 0x000000070ec00000|  0%| F|  |TAMS 0x000000070e800000, 0x000000070e800000| Untracked 
| 187|0x000000070ec00000, 0x000000070ec00000, 0x000000070f000000|  0%| F|  |TAMS 0x000000070ec00000, 0x000000070ec00000| Untracked 
| 188|0x000000070f000000, 0x000000070f000000, 0x000000070f400000|  0%| F|  |TAMS 0x000000070f000000, 0x000000070f000000| Untracked 
| 189|0x000000070f400000, 0x000000070f400000, 0x000000070f800000|  0%| F|  |TAMS 0x000000070f400000, 0x000000070f400000| Untracked 
| 190|0x000000070f800000, 0x000000070f800000, 0x000000070fc00000|  0%| F|  |TAMS 0x000000070f800000, 0x000000070f800000| Untracked 
| 191|0x000000070fc00000, 0x000000070fc00000, 0x0000000710000000|  0%| F|  |TAMS 0x000000070fc00000, 0x000000070fc00000| Untracked 
| 192|0x0000000710000000, 0x0000000710000000, 0x0000000710400000|  0%| F|  |TAMS 0x0000000710000000, 0x0000000710000000| Untracked 
| 193|0x0000000710400000, 0x0000000710400000, 0x0000000710800000|  0%| F|  |TAMS 0x0000000710400000, 0x0000000710400000| Untracked 
| 194|0x0000000710800000, 0x0000000710800000, 0x0000000710c00000|  0%| F|  |TAMS 0x0000000710800000, 0x0000000710800000| Untracked 
| 195|0x0000000710c00000, 0x0000000710c00000, 0x0000000711000000|  0%| F|  |TAMS 0x0000000710c00000, 0x0000000710c00000| Untracked 
| 196|0x0000000711000000, 0x0000000711000000, 0x0000000711400000|  0%| F|  |TAMS 0x0000000711000000, 0x0000000711000000| Untracked 
| 197|0x0000000711400000, 0x0000000711400000, 0x0000000711800000|  0%| F|  |TAMS 0x0000000711400000, 0x0000000711400000| Untracked 
| 198|0x0000000711800000, 0x0000000711800000, 0x0000000711c00000|  0%| F|  |TAMS 0x0000000711800000, 0x0000000711800000| Untracked 
| 199|0x0000000711c00000, 0x0000000711c00000, 0x0000000712000000|  0%| F|  |TAMS 0x0000000711c00000, 0x0000000711c00000| Untracked 
| 200|0x0000000712000000, 0x0000000712000000, 0x0000000712400000|  0%| F|  |TAMS 0x0000000712000000, 0x0000000712000000| Untracked 
| 201|0x0000000712400000, 0x0000000712400000, 0x0000000712800000|  0%| F|  |TAMS 0x0000000712400000, 0x0000000712400000| Untracked 
| 202|0x0000000712800000, 0x0000000712800000, 0x0000000712c00000|  0%| F|  |TAMS 0x0000000712800000, 0x0000000712800000| Untracked 
| 203|0x0000000712c00000, 0x0000000712c00000, 0x0000000713000000|  0%| F|  |TAMS 0x0000000712c00000, 0x0000000712c00000| Untracked 
| 204|0x0000000713000000, 0x0000000713000000, 0x0000000713400000|  0%| F|  |TAMS 0x0000000713000000, 0x0000000713000000| Untracked 
| 205|0x0000000713400000, 0x0000000713400000, 0x0000000713800000|  0%| F|  |TAMS 0x0000000713400000, 0x0000000713400000| Untracked 
| 206|0x0000000713800000, 0x0000000713800000, 0x0000000713c00000|  0%| F|  |TAMS 0x0000000713800000, 0x0000000713800000| Untracked 
| 207|0x0000000713c00000, 0x0000000713c00000, 0x0000000714000000|  0%| F|  |TAMS 0x0000000713c00000, 0x0000000713c00000| Untracked 
| 208|0x0000000714000000, 0x0000000714000000, 0x0000000714400000|  0%| F|  |TAMS 0x0000000714000000, 0x0000000714000000| Untracked 
| 209|0x0000000714400000, 0x0000000714400000, 0x0000000714800000|  0%| F|  |TAMS 0x0000000714400000, 0x0000000714400000| Untracked 
| 210|0x0000000714800000, 0x0000000714800000, 0x0000000714c00000|  0%| F|  |TAMS 0x0000000714800000, 0x0000000714800000| Untracked 
| 211|0x0000000714c00000, 0x0000000714c00000, 0x0000000715000000|  0%| F|  |TAMS 0x0000000714c00000, 0x0000000714c00000| Untracked 
| 212|0x0000000715000000, 0x0000000715000000, 0x0000000715400000|  0%| F|  |TAMS 0x0000000715000000, 0x0000000715000000| Untracked 
| 213|0x0000000715400000, 0x0000000715400000, 0x0000000715800000|  0%| F|  |TAMS 0x0000000715400000, 0x0000000715400000| Untracked 
| 214|0x0000000715800000, 0x0000000715800000, 0x0000000715c00000|  0%| F|  |TAMS 0x0000000715800000, 0x0000000715800000| Untracked 
| 215|0x0000000715c00000, 0x0000000715c00000, 0x0000000716000000|  0%| F|  |TAMS 0x0000000715c00000, 0x0000000715c00000| Untracked 
| 216|0x0000000716000000, 0x0000000716000000, 0x0000000716400000|  0%| F|  |TAMS 0x0000000716000000, 0x0000000716000000| Untracked 
| 217|0x0000000716400000, 0x0000000716400000, 0x0000000716800000|  0%| F|  |TAMS 0x0000000716400000, 0x0000000716400000| Untracked 
| 218|0x0000000716800000, 0x0000000716800000, 0x0000000716c00000|  0%| F|  |TAMS 0x0000000716800000, 0x0000000716800000| Untracked 
| 219|0x0000000716c00000, 0x0000000716c00000, 0x0000000717000000|  0%| F|  |TAMS 0x0000000716c00000, 0x0000000716c00000| Untracked 
| 220|0x0000000717000000, 0x0000000717000000, 0x0000000717400000|  0%| F|  |TAMS 0x0000000717000000, 0x0000000717000000| Untracked 
| 221|0x0000000717400000, 0x0000000717400000, 0x0000000717800000|  0%| F|  |TAMS 0x0000000717400000, 0x0000000717400000| Untracked 
| 222|0x0000000717800000, 0x0000000717800000, 0x0000000717c00000|  0%| F|  |TAMS 0x0000000717800000, 0x0000000717800000| Untracked 
| 223|0x0000000717c00000, 0x0000000717c00000, 0x0000000718000000|  0%| F|  |TAMS 0x0000000717c00000, 0x0000000717c00000| Untracked 
| 224|0x0000000718000000, 0x0000000718000000, 0x0000000718400000|  0%| F|  |TAMS 0x0000000718000000, 0x0000000718000000| Untracked 
| 225|0x0000000718400000, 0x0000000718400000, 0x0000000718800000|  0%| F|  |TAMS 0x0000000718400000, 0x0000000718400000| Untracked 
| 226|0x0000000718800000, 0x0000000718800000, 0x0000000718c00000|  0%| F|  |TAMS 0x0000000718800000, 0x0000000718800000| Untracked 
| 227|0x0000000718c00000, 0x0000000718c00000, 0x0000000719000000|  0%| F|  |TAMS 0x0000000718c00000, 0x0000000718c00000| Untracked 
| 228|0x0000000719000000, 0x0000000719000000, 0x0000000719400000|  0%| F|  |TAMS 0x0000000719000000, 0x0000000719000000| Untracked 
| 229|0x0000000719400000, 0x0000000719400000, 0x0000000719800000|  0%| F|  |TAMS 0x0000000719400000, 0x0000000719400000| Untracked 
| 230|0x0000000719800000, 0x0000000719800000, 0x0000000719c00000|  0%| F|  |TAMS 0x0000000719800000, 0x0000000719800000| Untracked 
| 231|0x0000000719c00000, 0x0000000719c00000, 0x000000071a000000|  0%| F|  |TAMS 0x0000000719c00000, 0x0000000719c00000| Untracked 
| 232|0x000000071a000000, 0x000000071a000000, 0x000000071a400000|  0%| F|  |TAMS 0x000000071a000000, 0x000000071a000000| Untracked 
| 233|0x000000071a400000, 0x000000071a400000, 0x000000071a800000|  0%| F|  |TAMS 0x000000071a400000, 0x000000071a400000| Untracked 
| 234|0x000000071a800000, 0x000000071a800000, 0x000000071ac00000|  0%| F|  |TAMS 0x000000071a800000, 0x000000071a800000| Untracked 
| 235|0x000000071ac00000, 0x000000071ac00000, 0x000000071b000000|  0%| F|  |TAMS 0x000000071ac00000, 0x000000071ac00000| Untracked 
| 236|0x000000071b000000, 0x000000071b000000, 0x000000071b400000|  0%| F|  |TAMS 0x000000071b000000, 0x000000071b000000| Untracked 
| 237|0x000000071b400000, 0x000000071b400000, 0x000000071b800000|  0%| F|  |TAMS 0x000000071b400000, 0x000000071b400000| Untracked 
| 238|0x000000071b800000, 0x000000071b800000, 0x000000071bc00000|  0%| F|  |TAMS 0x000000071b800000, 0x000000071b800000| Untracked 
| 239|0x000000071bc00000, 0x000000071bc00000, 0x000000071c000000|  0%| F|  |TAMS 0x000000071bc00000, 0x000000071bc00000| Untracked 
| 240|0x000000071c000000, 0x000000071c000000, 0x000000071c400000|  0%| F|  |TAMS 0x000000071c000000, 0x000000071c000000| Untracked 
| 241|0x000000071c400000, 0x000000071c400000, 0x000000071c800000|  0%| F|  |TAMS 0x000000071c400000, 0x000000071c400000| Untracked 
| 242|0x000000071c800000, 0x000000071c800000, 0x000000071cc00000|  0%| F|  |TAMS 0x000000071c800000, 0x000000071c800000| Untracked 
| 243|0x000000071cc00000, 0x000000071cc00000, 0x000000071d000000|  0%| F|  |TAMS 0x000000071cc00000, 0x000000071cc00000| Untracked 
| 244|0x000000071d000000, 0x000000071d000000, 0x000000071d400000|  0%| F|  |TAMS 0x000000071d000000, 0x000000071d000000| Untracked 
| 245|0x000000071d400000, 0x000000071d400000, 0x000000071d800000|  0%| F|  |TAMS 0x000000071d400000, 0x000000071d400000| Untracked 
| 246|0x000000071d800000, 0x000000071d800000, 0x000000071dc00000|  0%| F|  |TAMS 0x000000071d800000, 0x000000071d800000| Untracked 
|1150|0x00000007ff800000, 0x00000007ff800000, 0x00000007ffc00000|  0%| F|  |TAMS 0x00000007ff800000, 0x00000007ff800000| Untracked 
|1151|0x00000007ffc00000, 0x00000007ffc00000, 0x0000000800000000|  0%| F|  |TAMS 0x00000007ffc00000, 0x00000007ffc00000| Untracked 

Card table byte_map: [0x000001ebb0920000,0x000001ebb1220000] _byte_map_base: 0x000001ebad220000

Marking Bits (Prev, Next): (CMBitMap*) 0x000001eb972d1780, (CMBitMap*) 0x000001eb972d17c0
 Prev Bits: [0x000001ebb1b20000, 0x000001ebb6320000)
 Next Bits: [0x000001ebb6320000, 0x000001ebbab20000)

Polling page: 0x000001eb97320000

Metaspace:

Usage:
  Non-class:    113.15 MB used.
      Class:     17.80 MB used.
       Both:    130.95 MB used.

Virtual space:
  Non-class space:      128.00 MB reserved,     114.44 MB ( 89%) committed,  2 nodes.
      Class space:      416.00 MB reserved,      18.88 MB (  5%) committed,  1 nodes.
             Both:      544.00 MB reserved,     133.31 MB ( 25%) committed. 

Chunk freelists:
   Non-Class:  13.19 MB
       Class:  13.09 MB
        Both:  26.27 MB

MaxMetaspaceSize: 512.00 MB
CompressedClassSpaceSize: 416.00 MB
Initial GC threshold: 21.00 MB
Current GC threshold: 220.56 MB
CDS: on
MetaspaceReclaimPolicy: balanced
 - commit_granule_bytes: 65536.
 - commit_granule_words: 8192.
 - virtual_space_node_default_size: 8388608.
 - enlarge_chunks_in_place: 1.
 - new_chunks_are_fully_committed: 0.
 - uncommit_free_chunks: 1.
 - use_allocation_guard: 0.
 - handle_deallocations: 1.


Internal statistics:

num_allocs_failed_limit: 9.
num_arena_births: 3538.
num_arena_deaths: 0.
num_vsnodes_births: 3.
num_vsnodes_deaths: 0.
num_space_committed: 2132.
num_space_uncommitted: 0.
num_chunks_returned_to_freelist: 9.
num_chunks_taken_from_freelist: 10178.
num_chunk_merges: 9.
num_chunk_splits: 6039.
num_chunks_enlarged: 3135.
num_inconsistent_stats: 0.

CodeHeap 'non-profiled nmethods': size=120000Kb used=21048Kb max_used=21048Kb free=98952Kb
 bounds [0x000001eba8070000, 0x000001eba9500000, 0x000001ebaf5a0000]
CodeHeap 'profiled nmethods': size=120000Kb used=41859Kb max_used=42725Kb free=78140Kb
 bounds [0x000001eba05a0000, 0x000001eba2f80000, 0x000001eba7ad0000]
CodeHeap 'non-nmethods': size=5760Kb used=2526Kb max_used=2625Kb free=3233Kb
 bounds [0x000001eba7ad0000, 0x000001eba7d80000, 0x000001eba8070000]
 total_blobs=22993 nmethods=21916 adapters=986
 compilation: enabled
              stopped_count=0, restarted_count=0
 full_count=0

Compilation events (20 events):
Event: 5282.618 Thread 0x000001ebbd5a4020 nmethod 27687 0x000001eba0f66410 code [0x000001eba0f665c0, 0x000001eba0f66918]
Event: 5282.635 Thread 0x000001ebeda079c0 nmethod 27681 0x000001eba94fb590 code [0x000001eba94fb780, 0x000001eba94fc388]
Event: 5282.635 Thread 0x000001ebeda079c0 27688       4       org.gradle.internal.service.DefaultServiceRegistry$ParentServices::getAll (13 bytes)
Event: 5282.652 Thread 0x000001ebeda079c0 nmethod 27688 0x000001eba94fc890 code [0x000001eba94fcaa0, 0x000001eba94fd2b0]
Event: 5282.670 Thread 0x000001ebbd5a4020 27689       3       org.gradle.internal.service.DefaultServiceRegistry$SingletonService::findFactoryElementType (42 bytes)
Event: 5282.670 Thread 0x000001ebbd5a4020 nmethod 27689 0x000001eba22dd990 code [0x000001eba22ddb80, 0x000001eba22de118]
Event: 5282.673 Thread 0x000001ebbd5a4020 27690       1       org.gradle.internal.resource.UriTextResource::getFile (5 bytes)
Event: 5282.673 Thread 0x000001ebbd5a4020 nmethod 27690 0x000001eba94fda10 code [0x000001eba94fdba0, 0x000001eba94fdc78]
Event: 5282.680 Thread 0x000001ebbd5a4020 27691       3       org.gradle.internal.classpath.intercept.InterceptScope::<init> (6 bytes)
Event: 5282.680 Thread 0x000001ebbd5a4020 nmethod 27691 0x000001eba11d8590 code [0x000001eba11d8740, 0x000001eba11d8978]
Event: 5282.680 Thread 0x000001ebbd5a4020 27692       3       org.gradle.internal.classpath.intercept.InterceptScope::<init> (10 bytes)
Event: 5282.681 Thread 0x000001ebbd5a4020 nmethod 27692 0x000001eba0da6490 code [0x000001eba0da6640, 0x000001eba0da67f8]
Event: 5282.681 Thread 0x000001ebbd5a4020 27693       3       org.gradle.internal.classpath.intercept.InterceptScope$NamedMemberScope::<init> (12 bytes)
Event: 5282.681 Thread 0x000001ebbd5a4020 nmethod 27693 0x000001eba13ffa10 code [0x000001eba13ffbc0, 0x000001eba13ffeb8]
Event: 5282.685 Thread 0x000001ebbd5a4020 27694       1       org.gradle.plugin.management.internal.PluginRequests$EmptyPluginRequests::isEmpty (2 bytes)
Event: 5282.685 Thread 0x000001ebbd5a4020 nmethod 27694 0x000001eba94fdd10 code [0x000001eba94fdea0, 0x000001eba94fdf78]
Event: 5282.695 Thread 0x000001ebbd5a4020 27695       3       java.io.ObjectInputStream$BlockDataInputStream::read (138 bytes)
Event: 5282.696 Thread 0x000001ebbd5a4020 nmethod 27695 0x000001eba1ca7d90 code [0x000001eba1ca7fc0, 0x000001eba1ca86c8]
Event: 5282.954 Thread 0x000001ebbd5a4020 27696       3       org.gradle.api.internal.artifacts.ivyservice.resolveengine.excludes.factories.DelegatingExcludeFactory::moduleId (11 bytes)
Event: 5282.956 Thread 0x000001ebbd5a4020 nmethod 27696 0x000001eba1403510 code [0x000001eba14036c0, 0x000001eba14038a8]

GC Heap History (20 events):
Event: 366.628 GC heap after
{Heap after GC invocations=121 (full 0):
 garbage-first heap   total 528384K, used 510718K [0x00000006e0000000, 0x0000000800000000)
  region size 4096K, 1 young (4096K), 1 survivors (4096K)
 Metaspace       used 129519K, committed 131456K, reserved 557056K
  class space    used 17698K, committed 18560K, reserved 425984K
}
Event: 366.652 GC heap before
{Heap before GC invocations=121 (full 0):
 garbage-first heap   total 528384K, used 514814K [0x00000006e0000000, 0x0000000800000000)
  region size 4096K, 2 young (8192K), 1 survivors (4096K)
 Metaspace       used 129519K, committed 131456K, reserved 557056K
  class space    used 17698K, committed 18560K, reserved 425984K
}
Event: 366.657 GC heap after
{Heap after GC invocations=122 (full 0):
 garbage-first heap   total 1019904K, used 516160K [0x00000006e0000000, 0x0000000800000000)
  region size 4096K, 1 young (4096K), 1 survivors (4096K)
 Metaspace       used 129519K, committed 131456K, reserved 557056K
  class space    used 17698K, committed 18560K, reserved 425984K
}
Event: 788.707 GC heap before
{Heap before GC invocations=123 (full 0):
 garbage-first heap   total 1019904K, used 839744K [0x00000006e0000000, 0x0000000800000000)
  region size 4096K, 78 young (319488K), 1 survivors (4096K)
 Metaspace       used 132129K, committed 134208K, reserved 557056K
  class space    used 18069K, committed 19072K, reserved 425984K
}
Event: 789.016 GC heap after
{Heap after GC invocations=124 (full 0):
 garbage-first heap   total 1019904K, used 519334K [0x00000006e0000000, 0x0000000800000000)
  region size 4096K, 4 young (16384K), 4 survivors (16384K)
 Metaspace       used 132129K, committed 134208K, reserved 557056K
  class space    used 18069K, committed 19072K, reserved 425984K
}
Event: 791.782 GC heap before
{Heap before GC invocations=124 (full 0):
 garbage-first heap   total 1019904K, used 552102K [0x00000006e0000000, 0x0000000800000000)
  region size 4096K, 12 young (49152K), 4 survivors (16384K)
 Metaspace       used 132342K, committed 134400K, reserved 557056K
  class space    used 18087K, committed 19072K, reserved 425984K
}
Event: 792.116 GC heap after
{Heap after GC invocations=125 (full 0):
 garbage-first heap   total 1019904K, used 515535K [0x00000006e0000000, 0x0000000800000000)
  region size 4096K, 2 young (8192K), 2 survivors (8192K)
 Metaspace       used 132342K, committed 134400K, reserved 557056K
  class space    used 18087K, committed 19072K, reserved 425984K
}
Event: 814.856 GC heap before
{Heap before GC invocations=125 (full 0):
 garbage-first heap   total 1019904K, used 835023K [0x00000006e0000000, 0x0000000800000000)
  region size 4096K, 80 young (327680K), 2 survivors (8192K)
 Metaspace       used 133113K, committed 135360K, reserved 557056K
  class space    used 18158K, committed 19200K, reserved 425984K
}
Event: 814.970 GC heap after
{Heap after GC invocations=126 (full 0):
 garbage-first heap   total 1019904K, used 567864K [0x00000006e0000000, 0x0000000800000000)
  region size 4096K, 10 young (40960K), 10 survivors (40960K)
 Metaspace       used 133113K, committed 135360K, reserved 557056K
  class space    used 18158K, committed 19200K, reserved 425984K
}
Event: 815.282 GC heap before
{Heap before GC invocations=126 (full 0):
 garbage-first heap   total 1019904K, used 580152K [0x00000006e0000000, 0x0000000800000000)
  region size 4096K, 13 young (53248K), 10 survivors (40960K)
 Metaspace       used 133113K, committed 135360K, reserved 557056K
  class space    used 18158K, committed 19200K, reserved 425984K
}
Event: 815.404 GC heap after
{Heap after GC invocations=127 (full 0):
 garbage-first heap   total 1019904K, used 575292K [0x00000006e0000000, 0x0000000800000000)
  region size 4096K, 2 young (8192K), 2 survivors (8192K)
 Metaspace       used 133113K, committed 135360K, reserved 557056K
  class space    used 18158K, committed 19200K, reserved 425984K
}
Event: 820.052 GC heap before
{Heap before GC invocations=128 (full 0):
 garbage-first heap   total 1019904K, used 673596K [0x00000006e0000000, 0x0000000800000000)
  region size 4096K, 61 young (249856K), 2 survivors (8192K)
 Metaspace       used 133293K, committed 135552K, reserved 557056K
  class space    used 18160K, committed 19200K, reserved 425984K
}
Event: 820.083 GC heap after
{Heap after GC invocations=129 (full 0):
 garbage-first heap   total 1019904K, used 449396K [0x00000006e0000000, 0x0000000800000000)
  region size 4096K, 5 young (20480K), 5 survivors (20480K)
 Metaspace       used 133293K, committed 135552K, reserved 557056K
  class space    used 18160K, committed 19200K, reserved 425984K
}
Event: 820.314 GC heap before
{Heap before GC invocations=129 (full 0):
 garbage-first heap   total 1019904K, used 473972K [0x00000006e0000000, 0x0000000800000000)
  region size 4096K, 12 young (49152K), 5 survivors (20480K)
 Metaspace       used 133295K, committed 135552K, reserved 557056K
  class space    used 18160K, committed 19200K, reserved 425984K
}
Event: 820.386 GC heap after
{Heap after GC invocations=130 (full 0):
 garbage-first heap   total 1019904K, used 384201K [0x00000006e0000000, 0x0000000800000000)
  region size 4096K, 1 young (4096K), 1 survivors (4096K)
 Metaspace       used 133295K, committed 135552K, reserved 557056K
  class space    used 18160K, committed 19200K, reserved 425984K
}
Event: 820.852 GC heap before
{Heap before GC invocations=130 (full 0):
 garbage-first heap   total 1019904K, used 425161K [0x00000006e0000000, 0x0000000800000000)
  region size 4096K, 12 young (49152K), 1 survivors (4096K)
 Metaspace       used 133323K, committed 135552K, reserved 557056K
  class space    used 18161K, committed 19200K, reserved 425984K
}
Event: 820.899 GC heap after
{Heap after GC invocations=131 (full 0):
 garbage-first heap   total 1019904K, used 363856K [0x00000006e0000000, 0x0000000800000000)
  region size 4096K, 1 young (4096K), 1 survivors (4096K)
 Metaspace       used 133323K, committed 135552K, reserved 557056K
  class space    used 18161K, committed 19200K, reserved 425984K
}
Event: 821.320 GC heap before
{Heap before GC invocations=131 (full 0):
 garbage-first heap   total 1019904K, used 404816K [0x00000006e0000000, 0x0000000800000000)
  region size 4096K, 12 young (49152K), 1 survivors (4096K)
 Metaspace       used 133357K, committed 135616K, reserved 557056K
  class space    used 18167K, committed 19200K, reserved 425984K
}
Event: 821.345 GC heap after
{Heap after GC invocations=132 (full 0):
 garbage-first heap   total 1019904K, used 357344K [0x00000006e0000000, 0x0000000800000000)
  region size 4096K, 1 young (4096K), 1 survivors (4096K)
 Metaspace       used 133357K, committed 135616K, reserved 557056K
  class space    used 18167K, committed 19200K, reserved 425984K
}
Event: 5282.983 GC heap before
{Heap before GC invocations=132 (full 0):
 garbage-first heap   total 1019904K, used 771040K [0x00000006e0000000, 0x0000000800000000)
  region size 4096K, 103 young (421888K), 1 survivors (4096K)
 Metaspace       used 134095K, committed 136512K, reserved 557056K
  class space    used 18225K, committed 19328K, reserved 425984K
}

Dll operation events (15 events):
Event: 0.060 Loaded shared library D:\Programs\Eclipse Adoptium\jdk-17.0.10\bin\java.dll
Event: 0.101 Loaded shared library D:\Programs\Eclipse Adoptium\jdk-17.0.10\bin\jsvml.dll
Event: 0.158 Loaded shared library D:\Programs\Eclipse Adoptium\jdk-17.0.10\bin\zip.dll
Event: 0.163 Loaded shared library D:\Programs\Eclipse Adoptium\jdk-17.0.10\bin\instrument.dll
Event: 0.170 Loaded shared library D:\Programs\Eclipse Adoptium\jdk-17.0.10\bin\net.dll
Event: 0.172 Loaded shared library D:\Programs\Eclipse Adoptium\jdk-17.0.10\bin\nio.dll
Event: 0.176 Loaded shared library D:\Programs\Eclipse Adoptium\jdk-17.0.10\bin\zip.dll
Event: 0.671 Loaded shared library D:\Programs\Eclipse Adoptium\jdk-17.0.10\bin\jimage.dll
Event: 1.190 Loaded shared library D:\Programs\Eclipse Adoptium\jdk-17.0.10\bin\verify.dll
Event: 1.735 Loaded shared library C:\Users\HP\.gradle\native\c067742578af261105cb4f569cf0c3c89f3d7b1fecec35dd04571415982c5e48\windows-amd64\native-platform.dll
Event: 2.599 Loaded shared library C:\Users\HP\.gradle\native\100fb08df4bc3b14c8652ba06237920a3bd2aa13389f12d3474272988ae205f9\windows-amd64\native-platform-file-events.dll
Event: 14.413 Loaded shared library D:\Programs\Eclipse Adoptium\jdk-17.0.10\bin\management.dll
Event: 14.417 Loaded shared library D:\Programs\Eclipse Adoptium\jdk-17.0.10\bin\management_ext.dll
Event: 14.688 Loaded shared library D:\Programs\Eclipse Adoptium\jdk-17.0.10\bin\extnet.dll
Event: 15.032 Loaded shared library D:\Programs\Eclipse Adoptium\jdk-17.0.10\bin\sunmscapi.dll

Deoptimization events (20 events):
Event: 5279.567 Thread 0x000001ebebcdfc90 DEOPT PACKING pc=0x000001eba8a35e64 sp=0x00000038155f8f90
Event: 5279.570 Thread 0x000001ebebcdfc90 DEOPT UNPACKING pc=0x000001eba7b269a3 sp=0x00000038155f8dc8 mode 2
Event: 5279.570 Thread 0x000001ebebcdfc90 Uncommon trap: trap_request=0xffffffde fr.pc=0x000001eba8303b78 relative=0x00000000000000d8
Event: 5279.570 Thread 0x000001ebebcdfc90 Uncommon trap: reason=class_check action=maybe_recompile pc=0x000001eba8303b78 method=org.gradle.internal.component.external.model.ImmutableCapabilities.hashCode()I @ 4 c2
Event: 5279.570 Thread 0x000001ebebcdfc90 DEOPT PACKING pc=0x000001eba8303b78 sp=0x00000038155f8dc0
Event: 5279.570 Thread 0x000001ebebcdfc90 DEOPT UNPACKING pc=0x000001eba7b269a3 sp=0x00000038155f8d50 mode 2
Event: 5279.618 Thread 0x000001ebebcdfc90 Uncommon trap: trap_request=0xffffff6e fr.pc=0x000001eba9160f90 relative=0x0000000000000fd0
Event: 5279.618 Thread 0x000001ebebcdfc90 Uncommon trap: reason=loop_limit_check action=maybe_recompile pc=0x000001eba9160f90 method=org.antlr.v4.runtime.BufferedTokenStream.previousTokenOnChannel(II)I @ 22 c2
Event: 5279.618 Thread 0x000001ebebcdfc90 DEOPT PACKING pc=0x000001eba9160f90 sp=0x00000038155f9280
Event: 5279.619 Thread 0x000001ebebcdfc90 DEOPT UNPACKING pc=0x000001eba7b269a3 sp=0x00000038155f91a0 mode 2
Event: 5279.690 Thread 0x000001ebebcdfc90 Uncommon trap: trap_request=0xffffffbe fr.pc=0x000001eba8e9e024 relative=0x0000000000001ce4
Event: 5279.691 Thread 0x000001ebebcdfc90 Uncommon trap: reason=profile_predicate action=maybe_recompile pc=0x000001eba8e9e024 method=com.google.common.collect.MapMakerInternalMap$Segment.expand()V @ 59 c2
Event: 5279.691 Thread 0x000001ebebcdfc90 DEOPT PACKING pc=0x000001eba8e9e024 sp=0x00000038155f8e10
Event: 5279.692 Thread 0x000001ebebcdfc90 DEOPT UNPACKING pc=0x000001eba7b269a3 sp=0x00000038155f8db8 mode 2
Event: 5279.703 Thread 0x000001ebebcdfc90 Uncommon trap: trap_request=0xffffffde fr.pc=0x000001eba8fbf034 relative=0x0000000000000174
Event: 5279.704 Thread 0x000001ebebcdfc90 Uncommon trap: reason=class_check action=maybe_recompile pc=0x000001eba8fbf034 method=com.google.common.collect.CollectSpliterators$1WithCharacteristics.forEachRemaining(Ljava/util/function/Consumer;)V @ 14 c2
Event: 5279.704 Thread 0x000001ebebcdfc90 DEOPT PACKING pc=0x000001eba8fbf034 sp=0x00000038155f9150
Event: 5279.704 Thread 0x000001ebebcdfc90 DEOPT UNPACKING pc=0x000001eba7b269a3 sp=0x00000038155f90e8 mode 2
Event: 5281.144 Thread 0x000001ebebcdfc90 DEOPT PACKING pc=0x000001eba17551ed sp=0x00000038155f5b40
Event: 5281.144 Thread 0x000001ebebcdfc90 DEOPT UNPACKING pc=0x000001eba7b27143 sp=0x00000038155f5020 mode 0

Classes loaded (20 events):
Event: 400.371 Loading class java/util/Collections$EmptyListIterator
Event: 400.373 Loading class java/util/Collections$EmptyListIterator done
Event: 400.759 Loading class java/util/HashMap$UnsafeHolder
Event: 400.760 Loading class java/util/HashMap$UnsafeHolder done
Event: 400.854 Loading class java/util/logging/LogRecord
Event: 400.857 Loading class java/util/logging/LogRecord done
Event: 401.511 Loading class java/util/Locale$1
Event: 401.511 Loading class java/util/Locale$1 done
Event: 401.528 Loading class java/net/UrlDeserializedState
Event: 401.529 Loading class java/net/UrlDeserializedState done
Event: 401.540 Loading class java/util/concurrent/CompletableFuture$AsyncRun
Event: 401.541 Loading class java/util/concurrent/CompletableFuture$AsyncRun done
Event: 783.252 Loading class jdk/internal/math/FormattedFloatingDecimal$Form
Event: 783.303 Loading class jdk/internal/math/FormattedFloatingDecimal$Form done
Event: 783.305 Loading class jdk/internal/math/FormattedFloatingDecimal
Event: 783.363 Loading class jdk/internal/math/FormattedFloatingDecimal done
Event: 783.366 Loading class jdk/internal/math/FormattedFloatingDecimal$1
Event: 783.374 Loading class jdk/internal/math/FormattedFloatingDecimal$1 done
Event: 783.441 Loading class jdk/internal/math/FormattedFloatingDecimal$2
Event: 783.442 Loading class jdk/internal/math/FormattedFloatingDecimal$2 done

Classes unloaded (0 events):
No events

Classes redefined (0 events):
No events

Internal exceptions (20 events):
Event: 5278.239 Thread 0x000001ebebcdfc90 Exception <a 'sun/nio/fs/WindowsException'{0x0000000708b6a5b8}> (0x0000000708b6a5b8) 
thrown [s\src\hotspot\share\prims\jni.cpp, line 516]
Event: 5278.239 Thread 0x000001ebebcdfc90 Exception <a 'sun/nio/fs/WindowsException'{0x0000000708b6b960}> (0x0000000708b6b960) 
thrown [s\src\hotspot\share\prims\jni.cpp, line 516]
Event: 5278.239 Thread 0x000001ebebcdfc90 Exception <a 'sun/nio/fs/WindowsException'{0x0000000708b6c9b8}> (0x0000000708b6c9b8) 
thrown [s\src\hotspot\share\prims\jni.cpp, line 516]
Event: 5278.551 Thread 0x000001ebebcdfc90 Exception <a 'sun/nio/fs/WindowsException'{0x000000070840b238}> (0x000000070840b238) 
thrown [s\src\hotspot\share\prims\jni.cpp, line 516]
Event: 5278.551 Thread 0x000001ebebcdfc90 Exception <a 'sun/nio/fs/WindowsException'{0x000000070840cb40}> (0x000000070840cb40) 
thrown [s\src\hotspot\share\prims\jni.cpp, line 516]
Event: 5278.552 Thread 0x000001ebebcdfc90 Exception <a 'sun/nio/fs/WindowsException'{0x000000070840e438}> (0x000000070840e438) 
thrown [s\src\hotspot\share\prims\jni.cpp, line 516]
Event: 5278.552 Thread 0x000001ebebcdfc90 Exception <a 'sun/nio/fs/WindowsException'{0x000000070840f9e0}> (0x000000070840f9e0) 
thrown [s\src\hotspot\share\prims\jni.cpp, line 516]
Event: 5279.557 Thread 0x000001ebebcdfc90 Exception <a 'sun/nio/fs/WindowsException'{0x00000007070b5868}> (0x00000007070b5868) 
thrown [s\src\hotspot\share\prims\jni.cpp, line 516]
Event: 5279.558 Thread 0x000001ebebcdfc90 Exception <a 'sun/nio/fs/WindowsException'{0x00000007070b72d0}> (0x00000007070b72d0) 
thrown [s\src\hotspot\share\prims\jni.cpp, line 516]
Event: 5279.563 Thread 0x000001ebebcdfc90 Exception <a 'sun/nio/fs/WindowsException'{0x00000007070bacc0}> (0x00000007070bacc0) 
thrown [s\src\hotspot\share\prims\jni.cpp, line 516]
Event: 5282.337 Thread 0x000001ebea944920 Exception <a 'sun/nio/fs/WindowsException'{0x0000000705ae9f78}> (0x0000000705ae9f78) 
thrown [s\src\hotspot\share\prims\jni.cpp, line 516]
Event: 5282.337 Thread 0x000001ebea944920 Exception <a 'sun/nio/fs/WindowsException'{0x0000000705aec030}> (0x0000000705aec030) 
thrown [s\src\hotspot\share\prims\jni.cpp, line 516]
Event: 5282.338 Thread 0x000001ebea944920 Exception <a 'sun/nio/fs/WindowsException'{0x0000000705aee028}> (0x0000000705aee028) 
thrown [s\src\hotspot\share\prims\jni.cpp, line 516]
Event: 5282.339 Thread 0x000001ebea944920 Exception <a 'sun/nio/fs/WindowsException'{0x0000000705aeffe8}> (0x0000000705aeffe8) 
thrown [s\src\hotspot\share\prims\jni.cpp, line 516]
Event: 5282.342 Thread 0x000001ebea944920 Exception <a 'sun/nio/fs/WindowsException'{0x0000000705af9578}> (0x0000000705af9578) 
thrown [s\src\hotspot\share\prims\jni.cpp, line 516]
Event: 5282.464 Thread 0x000001ebea944920 Exception <a 'sun/nio/fs/WindowsException'{0x000000070554fb90}> (0x000000070554fb90) 
thrown [s\src\hotspot\share\prims\jni.cpp, line 516]
Event: 5282.465 Thread 0x000001ebea944920 Exception <a 'sun/nio/fs/WindowsException'{0x0000000705551cc8}> (0x0000000705551cc8) 
thrown [s\src\hotspot\share\prims\jni.cpp, line 516]
Event: 5282.465 Thread 0x000001ebea944920 Exception <a 'sun/nio/fs/WindowsException'{0x0000000705553d80}> (0x0000000705553d80) 
thrown [s\src\hotspot\share\prims\jni.cpp, line 516]
Event: 5282.466 Thread 0x000001ebea944920 Exception <a 'sun/nio/fs/WindowsException'{0x0000000705555b20}> (0x0000000705555b20) 
thrown [s\src\hotspot\share\prims\jni.cpp, line 516]
Event: 5282.681 Thread 0x000001ebebcdfc90 Exception <a 'java/lang/reflect/InvocationTargetException'{0x0000000704c90240}> (0x0000000704c90240) 
thrown [s\src\hotspot\share\runtime\reflection.cpp, line 1128]

VM Operations (20 events):
Event: 4135.910 Executing VM operation: Cleanup done
Event: 4152.046 Executing VM operation: Cleanup
Event: 4152.046 Executing VM operation: Cleanup done
Event: 5145.961 Executing VM operation: Cleanup
Event: 5145.963 Executing VM operation: Cleanup done
Event: 5276.236 Executing VM operation: Cleanup
Event: 5276.237 Executing VM operation: Cleanup done
Event: 5277.247 Executing VM operation: Cleanup
Event: 5277.262 Executing VM operation: Cleanup done
Event: 5278.275 Executing VM operation: Cleanup
Event: 5278.275 Executing VM operation: Cleanup done
Event: 5279.287 Executing VM operation: Cleanup
Event: 5279.287 Executing VM operation: Cleanup done
Event: 5280.299 Executing VM operation: Cleanup
Event: 5280.300 Executing VM operation: Cleanup done
Event: 5281.305 Executing VM operation: Cleanup
Event: 5281.306 Executing VM operation: Cleanup done
Event: 5282.311 Executing VM operation: Cleanup
Event: 5282.311 Executing VM operation: Cleanup done
Event: 5282.983 Executing VM operation: G1CollectForAllocation

Memory protections (0 events):
No events

Nmethod flushes (20 events):
Event: 846.961 Thread 0x000001ebbd5b0d60 flushing  nmethod 0x000001eba25be490
Event: 846.962 Thread 0x000001ebbd5b0d60 flushing  nmethod 0x000001eba25e2d90
Event: 846.962 Thread 0x000001ebbd5b0d60 flushing  nmethod 0x000001eba265be10
Event: 846.963 Thread 0x000001ebbd5b0d60 flushing  nmethod 0x000001eba2734890
Event: 846.963 Thread 0x000001ebbd5b0d60 flushing  nmethod 0x000001eba2738a90
Event: 846.963 Thread 0x000001ebbd5b0d60 flushing  nmethod 0x000001eba2738f90
Event: 846.963 Thread 0x000001ebbd5b0d60 flushing  nmethod 0x000001eba2747b10
Event: 846.964 Thread 0x000001ebbd5b0d60 flushing  nmethod 0x000001eba2823790
Event: 846.964 Thread 0x000001ebbd5b0d60 flushing  nmethod 0x000001eba2887d10
Event: 846.966 Thread 0x000001ebbd5b0d60 flushing  nmethod 0x000001eba2a51a90
Event: 846.966 Thread 0x000001ebbd5b0d60 flushing  nmethod 0x000001eba2a98e10
Event: 846.966 Thread 0x000001ebbd5b0d60 flushing  nmethod 0x000001eba2ac7010
Event: 846.967 Thread 0x000001ebbd5b0d60 flushing  nmethod 0x000001eba2b09510
Event: 846.967 Thread 0x000001ebbd5b0d60 flushing  nmethod 0x000001eba2b1ec10
Event: 846.967 Thread 0x000001ebbd5b0d60 flushing  nmethod 0x000001eba2b28310
Event: 846.967 Thread 0x000001ebbd5b0d60 flushing  nmethod 0x000001eba2b5c490
Event: 846.967 Thread 0x000001ebbd5b0d60 flushing  nmethod 0x000001eba2b5e710
Event: 846.967 Thread 0x000001ebbd5b0d60 flushing  nmethod 0x000001eba2ba2c10
Event: 846.969 Thread 0x000001ebbd5b0d60 flushing  nmethod 0x000001eba2d6b590
Event: 846.970 Thread 0x000001ebbd5b0d60 flushing  nmethod 0x000001eba2e8d910

Events (20 events):
Event: 5282.276 Thread 0x000001ebea944920 Thread added: 0x000001ebdf77adf0
Event: 5282.308 Thread 0x000001ebea944920 Thread added: 0x000001ebdf77d670
Event: 5282.308 Thread 0x000001ebea944920 Thread added: 0x000001ebdf7799b0
Event: 5282.446 Thread 0x000001ebea944920 Thread added: 0x000001ebdf779ec0
Event: 5282.450 Thread 0x000001ebbd5a4020 Thread added: 0x000001ebeda079c0
Event: 5282.512 Thread 0x000001ebebcdfc90 Thread added: 0x000001ebdf77bd20
Event: 5282.512 Thread 0x000001ebebcdfc90 Thread added: 0x000001ebdf77d160
Event: 5282.513 Thread 0x000001ebebcdfc90 Thread added: 0x000001ebdf77f4d0
Event: 5282.513 Thread 0x000001ebebcdfc90 Thread added: 0x000001ebdf77a3d0
Event: 5282.514 Thread 0x000001ebebcdfc90 Thread added: 0x000001ebdf778060
Event: 5282.514 Thread 0x000001ebebcdfc90 Thread added: 0x000001ebdf77b810
Event: 5282.515 Thread 0x000001ebebcdfc90 Thread added: 0x000001ebdf77f9e0
Event: 5282.526 Thread 0x000001ebebcdfc90 Thread added: 0x000001ebe1f1efa0
Event: 5282.527 Thread 0x000001ebebcdfc90 Thread added: 0x000001ebe1f1d650
Event: 5282.527 Thread 0x000001ebebcdfc90 Thread added: 0x000001ebe1f1f4b0
Event: 5282.528 Thread 0x000001ebebcdfc90 Thread added: 0x000001ebe1f22750
Event: 5282.529 Thread 0x000001ebebcdfc90 Thread added: 0x000001ebe1f1bd00
Event: 5282.530 Thread 0x000001ebebcdfc90 Thread added: 0x000001ebe1f20e00
Event: 5282.531 Thread 0x000001ebebcdfc90 Thread added: 0x000001ebe1f21310
Event: 5282.954 Thread 0x000001ebeda079c0 Thread exited: 0x000001ebeda079c0


Dynamic libraries:
0x00007ff7fc110000 - 0x00007ff7fc11e000 	D:\Programs\Eclipse Adoptium\jdk-17.0.10\bin\java.exe
0x00007ffb94b10000 - 0x00007ffb94d08000 	C:\WINDOWS\SYSTEM32\ntdll.dll
0x00007ffb93320000 - 0x00007ffb933e2000 	C:\WINDOWS\System32\KERNEL32.DLL
0x00007ffb92270000 - 0x00007ffb92566000 	C:\WINDOWS\System32\KERNELBASE.dll
0x00007ffb925c0000 - 0x00007ffb926c0000 	C:\WINDOWS\System32\ucrtbase.dll
0x00007ffb73100000 - 0x00007ffb7311e000 	D:\Programs\Eclipse Adoptium\jdk-17.0.10\bin\VCRUNTIME140.dll
0x00007ffb73140000 - 0x00007ffb73158000 	D:\Programs\Eclipse Adoptium\jdk-17.0.10\bin\jli.dll
0x00007ffb93e40000 - 0x00007ffb93fe1000 	C:\WINDOWS\System32\USER32.dll
0x00007ffb92910000 - 0x00007ffb92932000 	C:\WINDOWS\System32\win32u.dll
0x00007ffb79430000 - 0x00007ffb796cb000 	C:\WINDOWS\WinSxS\amd64_microsoft.windows.common-controls_6595b64144ccf1df_6.0.19041.6456_none_60b8a6cb71f64256\COMCTL32.dll
0x00007ffb93280000 - 0x00007ffb932ab000 	C:\WINDOWS\System32\GDI32.dll
0x00007ffb93100000 - 0x00007ffb9319e000 	C:\WINDOWS\System32\msvcrt.dll
0x00007ffb926c0000 - 0x00007ffb927d9000 	C:\WINDOWS\System32\gdi32full.dll
0x00007ffb921a0000 - 0x00007ffb9223d000 	C:\WINDOWS\System32\msvcp_win.dll
0x00007ffb93510000 - 0x00007ffb9353f000 	C:\WINDOWS\System32\IMM32.DLL
0x00007ffb796d0000 - 0x00007ffb796dc000 	D:\Programs\Eclipse Adoptium\jdk-17.0.10\bin\vcruntime140_1.dll
0x00007ffb4bbb0000 - 0x00007ffb4bc3d000 	D:\Programs\Eclipse Adoptium\jdk-17.0.10\bin\msvcp140.dll
0x00007ffb33d80000 - 0x00007ffb349eb000 	D:\Programs\Eclipse Adoptium\jdk-17.0.10\bin\server\jvm.dll
0x00007ffb92b30000 - 0x00007ffb92be1000 	C:\WINDOWS\System32\ADVAPI32.dll
0x00007ffb93000000 - 0x00007ffb9309f000 	C:\WINDOWS\System32\sechost.dll
0x00007ffb933f0000 - 0x00007ffb93510000 	C:\WINDOWS\System32\RPCRT4.dll
0x00007ffb92240000 - 0x00007ffb92267000 	C:\WINDOWS\System32\bcrypt.dll
0x00007ffb932b0000 - 0x00007ffb9331b000 	C:\WINDOWS\System32\WS2_32.dll
0x00007ffb916f0000 - 0x00007ffb9173b000 	C:\WINDOWS\SYSTEM32\POWRPROF.dll
0x00007ffb78c40000 - 0x00007ffb78c67000 	C:\WINDOWS\SYSTEM32\WINMM.dll
0x00007ffb8d430000 - 0x00007ffb8d43a000 	C:\WINDOWS\SYSTEM32\VERSION.dll
0x00007ffb91560000 - 0x00007ffb91572000 	C:\WINDOWS\SYSTEM32\UMPDC.dll
0x00007ffb90960000 - 0x00007ffb90972000 	C:\WINDOWS\SYSTEM32\kernel.appcore.dll
0x00007ffb78f40000 - 0x00007ffb78f4a000 	D:\Programs\Eclipse Adoptium\jdk-17.0.10\bin\jimage.dll
0x00007ffb8fd40000 - 0x00007ffb8ff41000 	C:\WINDOWS\SYSTEM32\DBGHELP.DLL
0x00007ffb88eb0000 - 0x00007ffb88ee4000 	C:\WINDOWS\SYSTEM32\dbgcore.DLL
0x00007ffb92aa0000 - 0x00007ffb92b22000 	C:\WINDOWS\System32\bcryptPrimitives.dll
0x00007ffb781d0000 - 0x00007ffb781de000 	D:\Programs\Eclipse Adoptium\jdk-17.0.10\bin\instrument.dll
0x00007ffb5ea80000 - 0x00007ffb5eaa5000 	D:\Programs\Eclipse Adoptium\jdk-17.0.10\bin\java.dll
0x00007ffb45750000 - 0x00007ffb45827000 	D:\Programs\Eclipse Adoptium\jdk-17.0.10\bin\jsvml.dll
0x00007ffb93ff0000 - 0x00007ffb94760000 	C:\WINDOWS\System32\SHELL32.dll
0x00007ffb901b0000 - 0x00007ffb90955000 	C:\WINDOWS\SYSTEM32\windows.storage.dll
0x00007ffb93550000 - 0x00007ffb938a4000 	C:\WINDOWS\System32\combase.dll
0x00007ffb91af0000 - 0x00007ffb91b1b000 	C:\WINDOWS\SYSTEM32\Wldp.dll
0x00007ffb94980000 - 0x00007ffb94a4d000 	C:\WINDOWS\System32\OLEAUT32.dll
0x00007ffb93910000 - 0x00007ffb939bd000 	C:\WINDOWS\System32\SHCORE.dll
0x00007ffb938b0000 - 0x00007ffb9390b000 	C:\WINDOWS\System32\shlwapi.dll
0x00007ffb920d0000 - 0x00007ffb920f4000 	C:\WINDOWS\SYSTEM32\profapi.dll
0x00007ffb68920000 - 0x00007ffb68938000 	D:\Programs\Eclipse Adoptium\jdk-17.0.10\bin\zip.dll
0x00007ffb6d0d0000 - 0x00007ffb6d0ea000 	D:\Programs\Eclipse Adoptium\jdk-17.0.10\bin\net.dll
0x00007ffb8b1a0000 - 0x00007ffb8b2aa000 	C:\WINDOWS\SYSTEM32\WINHTTP.dll
0x00007ffb918d0000 - 0x00007ffb9193a000 	C:\WINDOWS\system32\mswsock.dll
0x00007ffb6cdb0000 - 0x00007ffb6cdc6000 	D:\Programs\Eclipse Adoptium\jdk-17.0.10\bin\nio.dll
0x00007ffb8d280000 - 0x00007ffb8d290000 	D:\Programs\Eclipse Adoptium\jdk-17.0.10\bin\verify.dll
0x00007ffb5dfc0000 - 0x00007ffb5dfe7000 	C:\Users\HP\.gradle\native\c067742578af261105cb4f569cf0c3c89f3d7b1fecec35dd04571415982c5e48\windows-amd64\native-platform.dll
0x00007ffb45900000 - 0x00007ffb45a44000 	C:\Users\HP\.gradle\native\100fb08df4bc3b14c8652ba06237920a3bd2aa13389f12d3474272988ae205f9\windows-amd64\native-platform-file-events.dll
0x00007ffb78ac0000 - 0x00007ffb78aca000 	D:\Programs\Eclipse Adoptium\jdk-17.0.10\bin\management.dll
0x00007ffb787b0000 - 0x00007ffb787bc000 	D:\Programs\Eclipse Adoptium\jdk-17.0.10\bin\management_ext.dll
0x00007ffb94760000 - 0x00007ffb94768000 	C:\WINDOWS\System32\PSAPI.DLL
0x00007ffb91b30000 - 0x00007ffb91b48000 	C:\WINDOWS\SYSTEM32\CRYPTSP.dll
0x00007ffb911a0000 - 0x00007ffb911d8000 	C:\WINDOWS\system32\rsaenh.dll
0x00007ffb92090000 - 0x00007ffb920be000 	C:\WINDOWS\SYSTEM32\USERENV.dll
0x00007ffb91a60000 - 0x00007ffb91a6c000 	C:\WINDOWS\SYSTEM32\CRYPTBASE.dll
0x00007ffb91580000 - 0x00007ffb915bb000 	C:\WINDOWS\SYSTEM32\IPHLPAPI.DLL
0x00007ffb93e30000 - 0x00007ffb93e38000 	C:\WINDOWS\System32\NSI.dll
0x00007ffb88740000 - 0x00007ffb88757000 	C:\WINDOWS\SYSTEM32\dhcpcsvc6.DLL
0x00007ffb8a880000 - 0x00007ffb8a89d000 	C:\WINDOWS\SYSTEM32\dhcpcsvc.DLL
0x00007ffb915d0000 - 0x00007ffb9169a000 	C:\WINDOWS\SYSTEM32\DNSAPI.dll
0x00007ffb787a0000 - 0x00007ffb787a9000 	D:\Programs\Eclipse Adoptium\jdk-17.0.10\bin\extnet.dll
0x00007ffb7bc10000 - 0x00007ffb7bc1e000 	D:\Programs\Eclipse Adoptium\jdk-17.0.10\bin\sunmscapi.dll
0x00007ffb92940000 - 0x00007ffb92a9d000 	C:\WINDOWS\System32\CRYPT32.dll
0x00007ffb91c40000 - 0x00007ffb91c67000 	C:\WINDOWS\SYSTEM32\ncrypt.dll
0x00007ffb91c00000 - 0x00007ffb91c3b000 	C:\WINDOWS\SYSTEM32\NTASN1.dll
0x00007ffb8a5a0000 - 0x00007ffb8a5a7000 	C:\WINDOWS\system32\wshunix.dll
0x00007ffb77480000 - 0x00007ffb7748a000 	C:\Windows\System32\rasadhlp.dll
0x00007ffb7d3c0000 - 0x00007ffb7d440000 	C:\WINDOWS\System32\fwpuclnt.dll
0x00007ffb67eb0000 - 0x00007ffb67ec7000 	C:\WINDOWS\system32\napinsp.dll
0x00007ffb67e90000 - 0x00007ffb67eab000 	C:\WINDOWS\system32\pnrpnsp.dll
0x00007ffb8e540000 - 0x00007ffb8e55d000 	C:\WINDOWS\system32\wshbth.dll
0x00007ffb8cce0000 - 0x00007ffb8ccfd000 	C:\WINDOWS\system32\NLAapi.dll
0x00007ffb67e40000 - 0x00007ffb67e52000 	C:\WINDOWS\System32\winrnr.dll
0x00007ffb913f0000 - 0x00007ffb91423000 	C:\WINDOWS\SYSTEM32\ntmarta.dll

dbghelp: loaded successfully - version: 4.0.5 - missing functions: none
symbol engine: initialized successfully - sym options: 0x614 - pdb path: .;D:\Programs\Eclipse Adoptium\jdk-17.0.10\bin;C:\WINDOWS\SYSTEM32;C:\WINDOWS\WinSxS\amd64_microsoft.windows.common-controls_6595b64144ccf1df_6.0.19041.6456_none_60b8a6cb71f64256;D:\Programs\Eclipse Adoptium\jdk-17.0.10\bin\server;C:\Users\HP\.gradle\native\c067742578af261105cb4f569cf0c3c89f3d7b1fecec35dd04571415982c5e48\windows-amd64;C:\Users\HP\.gradle\native\100fb08df4bc3b14c8652ba06237920a3bd2aa13389f12d3474272988ae205f9\windows-amd64

VM Arguments:
jvm_args: -XX:MaxMetaspaceSize=512m --add-opens=java.base/java.util=ALL-UNNAMED --add-opens=java.base/java.lang=ALL-UNNAMED --add-opens=java.base/java.lang.invoke=ALL-UNNAMED --add-opens=java.prefs/java.util.prefs=ALL-UNNAMED --add-exports=jdk.compiler/com.sun.tools.javac.api=ALL-UNNAMED --add-exports=jdk.compiler/com.sun.tools.javac.util=ALL-UNNAMED --add-opens=java.base/java.nio.charset=ALL-UNNAMED --add-opens=java.base/java.net=ALL-UNNAMED --add-opens=java.base/java.util.concurrent.atomic=ALL-UNNAMED -Xmx4608m -Dfile.encoding=windows-1251 -Duser.country=RU -Duser.language=ru -Duser.variant -javaagent:C:\Users\HP\.gradle\wrapper\dists\gradle-8.10.2-all\7iv73wktx1xtkvlq19urqw1wm\gradle-8.10.2\lib\agents\gradle-instrumentation-agent-8.10.2.jar 
java_command: org.gradle.launcher.daemon.bootstrap.GradleDaemon 8.10.2
java_class_path (initial): C:\Users\HP\.gradle\wrapper\dists\gradle-8.10.2-all\7iv73wktx1xtkvlq19urqw1wm\gradle-8.10.2\lib\gradle-daemon-main-8.10.2.jar
Launcher Type: SUN_STANDARD

[Global flags]
     intx CICompilerCount                          = 4                                         {product} {ergonomic}
   size_t CompressedClassSpaceSize                 = 436207616                                 {product} {ergonomic}
     uint ConcGCThreads                            = 2                                         {product} {ergonomic}
     uint G1ConcRefinementThreads                  = 8                                         {product} {ergonomic}
   size_t G1HeapRegionSize                         = 4194304                                   {product} {ergonomic}
    uintx GCDrainStackTargetSize                   = 64                                        {product} {ergonomic}
   size_t InitialHeapSize                          = 134217728                                 {product} {ergonomic}
   size_t MarkStackSize                            = 4194304                                   {product} {ergonomic}
   size_t MaxHeapSize                              = 4831838208                                {product} {command line}
   size_t MaxMetaspaceSize                         = 536870912                                 {product} {command line}
   size_t MaxNewSize                               = 2898264064                                {product} {ergonomic}
   size_t MinHeapDeltaBytes                        = 4194304                                   {product} {ergonomic}
   size_t MinHeapSize                              = 8388608                                   {product} {ergonomic}
    uintx NonNMethodCodeHeapSize                   = 5839372                                {pd product} {ergonomic}
    uintx NonProfiledCodeHeapSize                  = 122909434                              {pd product} {ergonomic}
    uintx ProfiledCodeHeapSize                     = 122909434                              {pd product} {ergonomic}
    uintx ReservedCodeCacheSize                    = 251658240                              {pd product} {ergonomic}
     bool SegmentedCodeCache                       = true                                      {product} {ergonomic}
   size_t SoftMaxHeapSize                          = 4831838208                             {manageable} {ergonomic}
     bool UseCompressedClassPointers               = true                           {product lp64_product} {ergonomic}
     bool UseCompressedOops                        = true                           {product lp64_product} {ergonomic}
     bool UseG1GC                                  = true                                      {product} {ergonomic}
     bool UseLargePagesIndividualAllocation        = false                                  {pd product} {ergonomic}

Logging:
Log output configuration:
 #0: stdout all=warning uptime,level,tags
 #1: stderr all=off uptime,level,tags

Environment Variables:
JAVA_HOME=D:\Programs\Eclipse Adoptium\jdk-17.0.10
CLASSPATH=D:\rpn\android\\gradle\wrapper\gradle-wrapper.jar
PATH=D:\rpn\node_modules\.bin;D:\node_modules\.bin;C:\Users\HP\AppData\Roaming\npm\node_modules\npm\node_modules\@npmcli\run-script\lib\node-gyp-bin;D:\Programs\Eclipse Adoptium\jdk\bin;C:\Program Files\ImageMagick-7.1.2-Q16-HDRI;C:\Python310\Scripts\;C:\Python310\;C:\WINDOWS\system32;C:\WINDOWS;C:\WINDOWS\System32\Wbem;C:\WINDOWS\System32\WindowsPowerShell\v1.0\;C:\WINDOWS\System32\OpenSSH\;C:\Program Files\Git\cmd;C:\ProgramData\chocolatey\bin;C:\Program Files\nodejs\;C:\Program Files\WireGuard\;C:\Program Files\Docker\Docker\resources\bin;C:\Users\HP\AppData\Local\Programs\Python\Python311\;C:\Users\HP\AppData\Local\Programs\Python\Python311\Scripts\;D:\Programs\Eclipse Adoptium\jdk-17.0.10\bin;D:\Programs\Eclipse Adoptium\jdk\bin;C:\Program Files\ImageMagick-7.1.2-Q16-HDRI;C:\Python310\Scripts\;C:\Python310\;C:\WINDOWS\system32;C:\WINDOWS;C:\WINDOWS\System32\Wbem;C:\WINDOWS\System32\WindowsPowerShell\v1.0\;C:\WINDOWS\System32\OpenSSH\;C:\Program Files\Git\cmd;C:\ProgramData\chocolatey\bin;C:\Program Files\nodejs\;C:\Program Files\WireGuard\;C:\Program Files\Docker\Docker\resources\bin;C:\Users\HP\AppData\Local\Programs\Python\Python311\;C:\Users\HP\AppData\Local\Programs\Python\Python311\Scripts\;D:\Programs\Eclipse Adoptium\jdk-17.0.10\bin;C:\Users\HP\AppData\Local\Programs\Python\Python311\Scripts\;C:\Users\HP\AppData\Local\Programs\Python\Python311\;C:\Users\HP\AppData\Local\Microsoft\WindowsApps;C:\Users\HP\AppData\Local\Programs\Microsoft VS Code\bin;C:\Users\HP\AppData\Roaming\npm;C:\Users\HP\AppData\Local\Microsoft\WinGet\Packages\Google.Libwebp_Microsoft.Winget.Source_8wekyb3d8bbwe\libwebp-1.6.0-windows-x64/bin;C:\Users\HP\AppData\Local\Programs\cursor\resources\app\bin;C:\Users\HP\AppData\;C:\Users\HP\AppData\Local\Android\Sdk\platform-tools;C:\Users\HP\AppData\Local\Android\Sdk\cmdline-tools\latest\bin;C:\Users\HP\AppData\Local\Android\Sdk\platform-tools;C:\Users\HP\AppData\Local\Android\Sdk\emulator;C:\Users\HP\AppData\Local\Android\Sdk\cmdline-tools\latest\bin;
USERNAME=HP
TERM=xterm
OS=Windows_NT
PROCESSOR_IDENTIFIER=Intel64 Family 6 Model 142 Stepping 12, GenuineIntel
TMP=C:\Users\HP\AppData\Local\Temp
TEMP=C:\Users\HP\AppData\Local\Temp



Periodic native trim disabled


---------------  S Y S T E M  ---------------

OS:
 Windows 10 , 64 bit Build 19041 (10.0.19041.5915)
OS uptime: 2 days 3:48 hours
Hyper-V role detected

CPU: total 8 (initial active 8) (4 cores per cpu, 2 threads per core) family 6 model 142 stepping 12 microcode 0x100, cx8, cmov, fxsr, ht, mmx, 3dnowpref, sse, sse2, sse3, ssse3, sse4.1, sse4.2, popcnt, lzcnt, tsc, tscinvbit, avx, avx2, aes, erms, clmul, bmi1, bmi2, adx, fma, vzeroupper, clflush, clflushopt, hv
Processor Information for all 8 processors :
  Max Mhz: 2304, Current Mhz: 1803, Mhz Limit: 1797

Memory: 4k page, system-wide physical 8029M (245M free)
TotalPageFile size 24005M (AvailPageFile size 384M)
current process WorkingSet (physical memory assigned to process): 398M, peak: 858M
current process commit charge ("private bytes"): 1479M, peak: 2203M

vm_info: OpenJDK 64-Bit Server VM (17.0.18+8) for windows-amd64 JRE (17.0.18+8), built on Jan 20 2026 22:28:22 by "admin" with MS VC++ 17.12 (VS2022)

END.
